{"C:\\xampp\\htdocs\\midterm-api\\midterm-app\\components\\external-link.tsx": {"path":"C:\\xampp\\htdocs\\midterm-api\\midterm-app\\components\\external-link.tsx","statementMap":{"0":{"start":{"line":14,"column":8},"end":{"line":21,"column":null}},"1":{"start":{"line":16,"column":10},"end":{"line":16,"column":null}},"2":{"start":{"line":18,"column":10},"end":{"line":20,"column":null}}},"fnMap":{"0":{"name":"ExternalLink","decl":{"start":{"line":7,"column":16},"end":{"line":7,"column":29}},"loc":{"start":{"line":7,"column":53},"end":{"line":25,"column":null}}},"1":{"name":"(anonymous_1)","decl":{"start":{"line":13,"column":15},"end":{"line":13,"column":22}},"loc":{"start":{"line":13,"column":22},"end":{"line":22,"column":null}}}},"branchMap":{"0":{"loc":{"start":{"line":14,"column":8},"end":{"line":21,"column":null}},"type":"if","locations":[{"start":{"line":14,"column":8},"end":{"line":21,"column":null}}]}},"s":{"0":0,"1":0,"2":0},"f":{"0":0,"1":0},"b":{"0":[0]}}
,"C:\\xampp\\htdocs\\midterm-api\\midterm-app\\components\\haptic-tab.tsx": {"path":"C:\\xampp\\htdocs\\midterm-api\\midterm-app\\components\\haptic-tab.tsx","statementMap":{"0":{"start":{"line":10,"column":8},"end":{"line":13,"column":null}},"1":{"start":{"line":12,"column":10},"end":{"line":12,"column":null}},"2":{"start":{"line":14,"column":8},"end":{"line":14,"column":null}}},"fnMap":{"0":{"name":"HapticTab","decl":{"start":{"line":5,"column":16},"end":{"line":5,"column":26}},"loc":{"start":{"line":5,"column":56},"end":{"line":18,"column":null}}},"1":{"name":"(anonymous_1)","decl":{"start":{"line":9,"column":17},"end":{"line":9,"column":18}},"loc":{"start":{"line":9,"column":18},"end":{"line":15,"column":null}}}},"branchMap":{"0":{"loc":{"start":{"line":10,"column":8},"end":{"line":13,"column":null}},"type":"if","locations":[{"start":{"line":10,"column":8},"end":{"line":13,"column":null}}]}},"s":{"0":0,"1":0,"2":0},"f":{"0":0,"1":0},"b":{"0":[0]}}
,"C:\\xampp\\htdocs\\midterm-api\\midterm-app\\components\\hello-wave.tsx": {"path":"C:\\xampp\\htdocs\\midterm-api\\midterm-app\\components\\hello-wave.tsx","statementMap":{"0":{"start":{"line":4,"column":2},"end":{"line":15,"column":null}}},"fnMap":{"0":{"name":"HelloWave","decl":{"start":{"line":3,"column":16},"end":{"line":3,"column":null}},"loc":{"start":{"line":3,"column":16},"end":{"line":19,"column":null}}}},"branchMap":{},"s":{"0":0},"f":{"0":0},"b":{}}
,"C:\\xampp\\htdocs\\midterm-api\\midterm-app\\components\\parallax-scroll-view.tsx": {"path":"C:\\xampp\\htdocs\\midterm-api\\midterm-app\\components\\parallax-scroll-view.tsx","statementMap":{"0":{"start":{"line":14,"column":22},"end":{"line":14,"column":null}},"1":{"start":{"line":26,"column":26},"end":{"line":26,"column":null}},"2":{"start":{"line":27,"column":22},"end":{"line":27,"column":null}},"3":{"start":{"line":28,"column":20},"end":{"line":28,"column":null}},"4":{"start":{"line":29,"column":23},"end":{"line":29,"column":null}},"5":{"start":{"line":30,"column":30},"end":{"line":45,"column":null}},"6":{"start":{"line":31,"column":4},"end":{"line":44,"column":null}},"7":{"start":{"line":47,"column":2},"end":{"line":60,"column":null}},"8":{"start":{"line":65,"column":15},"end":{"line":79,"column":null}}},"fnMap":{"0":{"name":"ParallaxScrollView","decl":{"start":{"line":21,"column":24},"end":{"line":21,"column":43}},"loc":{"start":{"line":25,"column":8},"end":{"line":63,"column":null}}},"1":{"name":"(anonymous_1)","decl":{"start":{"line":30,"column":47},"end":{"line":30,"column":null}},"loc":{"start":{"line":30,"column":47},"end":{"line":45,"column":null}}}},"branchMap":{"0":{"loc":{"start":{"line":27,"column":22},"end":{"line":27,"column":null}},"type":"binary-expr","locations":[{"start":{"line":27,"column":22},"end":{"line":27,"column":42}},{"start":{"line":27,"column":42},"end":{"line":27,"column":null}}]}},"s":{"0":0,"1":0,"2":0,"3":0,"4":0,"5":0,"6":0,"7":0,"8":0},"f":{"0":0,"1":0},"b":{"0":[0,0]}}
,"C:\\xampp\\htdocs\\midterm-api\\midterm-app\\components\\student-card.tsx": {"path":"C:\\xampp\\htdocs\\midterm-api\\midterm-app\\components\\student-card.tsx","statementMap":{"0":{"start":{"line":34,"column":13},"end":{"line":34,"column":55}},"1":{"start":{"line":1,"column":18},"end":{"line":1,"column":null}},"2":{"start":{"line":9,"column":7},"end":{"line":9,"column":null}},"3":{"start":{"line":10,"column":27},"end":{"line":10,"column":null}},"4":{"start":{"line":11,"column":27},"end":{"line":11,"column":null}},"5":{"start":{"line":12,"column":24},"end":{"line":12,"column":null}},"6":{"start":{"line":13,"column":23},"end":{"line":13,"column":null}},"7":{"start":{"line":14,"column":28},"end":{"line":14,"column":null}},"8":{"start":{"line":24,"column":7},"end":{"line":24,"column":null}},"9":{"start":{"line":25,"column":30},"end":{"line":25,"column":null}},"10":{"start":{"line":34,"column":55},"end":{"line":187,"column":null}},"11":{"start":{"line":40,"column":21},"end":{"line":40,"column":48}},"12":{"start":{"line":41,"column":20},"end":{"line":41,"column":null}},"13":{"start":{"line":42,"column":21},"end":{"line":42,"column":null}},"14":{"start":{"line":43,"column":22},"end":{"line":43,"column":71}},"15":{"start":{"line":45,"column":23},"end":{"line":68,"column":null}},"16":{"start":{"line":46,"column":4},"end":{"line":66,"column":null}},"17":{"start":{"line":58,"column":12},"end":{"line":62,"column":null}},"18":{"start":{"line":59,"column":14},"end":{"line":59,"column":null}},"19":{"start":{"line":61,"column":14},"end":{"line":61,"column":null}},"20":{"start":{"line":70,"column":21},"end":{"line":73,"column":null}},"21":{"start":{"line":71,"column":17},"end":{"line":71,"column":null}},"22":{"start":{"line":72,"column":4},"end":{"line":72,"column":null}},"23":{"start":{"line":75,"column":2},"end":{"line":181,"column":null}},"24":{"start":{"line":159,"column":25},"end":{"line":159,"column":null}},"25":{"start":{"line":189,"column":15},"end":{"line":267,"column":null}}},"fnMap":{"0":{"name":"(anonymous_2)","decl":{"start":{"line":34,"column":55},"end":{"line":34,"column":56}},"loc":{"start":{"line":39,"column":1},"end":{"line":187,"column":null}}},"1":{"name":"(anonymous_3)","decl":{"start":{"line":45,"column":23},"end":{"line":45,"column":null}},"loc":{"start":{"line":45,"column":23},"end":{"line":68,"column":null}}},"2":{"name":"(anonymous_4)","decl":{"start":{"line":52,"column":19},"end":{"line":52,"column":26}},"loc":{"start":{"line":52,"column":19},"end":{"line":52,"column":null}}},"3":{"name":"(anonymous_5)","decl":{"start":{"line":57,"column":19},"end":{"line":57,"column":null}},"loc":{"start":{"line":57,"column":19},"end":{"line":63,"column":null}}},"4":{"name":"(anonymous_6)","decl":{"start":{"line":70,"column":21},"end":{"line":70,"column":22}},"loc":{"start":{"line":70,"column":22},"end":{"line":73,"column":null}}},"5":{"name":"(anonymous_7)","decl":{"start":{"line":159,"column":19},"end":{"line":159,"column":25}},"loc":{"start":{"line":159,"column":25},"end":{"line":159,"column":null}}}},"branchMap":{"0":{"loc":{"start":{"line":43,"column":22},"end":{"line":43,"column":71}},"type":"cond-expr","locations":[{"start":{"line":43,"column":35},"end":{"line":43,"column":51}},{"start":{"line":43,"column":54},"end":{"line":43,"column":71}}]},"1":{"loc":{"start":{"line":172,"column":12},"end":{"line":172,"column":47}},"type":"binary-expr","locations":[{"start":{"line":172,"column":12},"end":{"line":172,"column":26}},{"start":{"line":172,"column":26},"end":{"line":172,"column":47}}]},"2":{"loc":{"start":{"line":178,"column":11},"end":{"line":181,"column":null}},"type":"cond-expr","locations":[{"start":{"line":179,"column":12},"end":{"line":181,"column":13}},{"start":{"line":181,"column":12},"end":{"line":181,"column":null}}]},"3":{"loc":{"start":{"line":251,"column":12},"end":{"line":251,"column":62}},"type":"cond-expr","locations":[{"start":{"line":251,"column":36},"end":{"line":251,"column":41}},{"start":{"line":251,"column":41},"end":{"line":251,"column":62}}]}},"s":{"0":15,"1":1,"2":1,"3":1,"4":1,"5":1,"6":1,"7":1,"8":1,"9":1,"10":1,"11":0,"12":0,"13":0,"14":0,"15":0,"16":0,"17":0,"18":0,"19":0,"20":0,"21":0,"22":0,"23":0,"24":0,"25":1},"f":{"0":0,"1":0,"2":0,"3":0,"4":0,"5":0},"b":{"0":[0,0],"1":[0,0],"2":[0,0],"3":[0,1]}}
,"C:\\xampp\\htdocs\\midterm-api\\midterm-app\\components\\student-form.tsx": {"path":"C:\\xampp\\htdocs\\midterm-api\\midterm-app\\components\\student-form.tsx","statementMap":{"0":{"start":{"line":44,"column":13},"end":{"line":44,"column":55}},"1":{"start":{"line":1,"column":43},"end":{"line":1,"column":null}},"2":{"start":{"line":12,"column":7},"end":{"line":12,"column":null}},"3":{"start":{"line":13,"column":27},"end":{"line":13,"column":null}},"4":{"start":{"line":14,"column":27},"end":{"line":14,"column":null}},"5":{"start":{"line":15,"column":34},"end":{"line":15,"column":null}},"6":{"start":{"line":16,"column":31},"end":{"line":16,"column":null}},"7":{"start":{"line":18,"column":30},"end":{"line":18,"column":null}},"8":{"start":{"line":25,"column":7},"end":{"line":25,"column":null}},"9":{"start":{"line":44,"column":55},"end":{"line":207,"column":null}},"10":{"start":{"line":52,"column":36},"end":{"line":52,"column":null}},"11":{"start":{"line":53,"column":34},"end":{"line":53,"column":null}},"12":{"start":{"line":54,"column":32},"end":{"line":54,"column":null}},"13":{"start":{"line":55,"column":30},"end":{"line":55,"column":null}},"14":{"start":{"line":57,"column":20},"end":{"line":57,"column":null}},"15":{"start":{"line":58,"column":21},"end":{"line":58,"column":null}},"16":{"start":{"line":59,"column":22},"end":{"line":59,"column":71}},"17":{"start":{"line":61,"column":2},"end":{"line":69,"column":null}},"18":{"start":{"line":62,"column":4},"end":{"line":68,"column":null}},"19":{"start":{"line":63,"column":6},"end":{"line":63,"column":null}},"20":{"start":{"line":64,"column":6},"end":{"line":64,"column":null}},"21":{"start":{"line":65,"column":6},"end":{"line":65,"column":null}},"22":{"start":{"line":67,"column":6},"end":{"line":67,"column":null}},"23":{"start":{"line":71,"column":20},"end":{"line":76,"column":null}},"24":{"start":{"line":72,"column":4},"end":{"line":72,"column":null}},"25":{"start":{"line":73,"column":4},"end":{"line":73,"column":null}},"26":{"start":{"line":74,"column":4},"end":{"line":74,"column":null}},"27":{"start":{"line":75,"column":4},"end":{"line":75,"column":null}},"28":{"start":{"line":78,"column":23},"end":{"line":98,"column":null}},"29":{"start":{"line":79,"column":49},"end":{"line":79,"column":null}},"30":{"start":{"line":81,"column":4},"end":{"line":83,"column":null}},"31":{"start":{"line":82,"column":6},"end":{"line":82,"column":null}},"32":{"start":{"line":85,"column":4},"end":{"line":87,"column":null}},"33":{"start":{"line":86,"column":6},"end":{"line":86,"column":null}},"34":{"start":{"line":89,"column":22},"end":{"line":89,"column":null}},"35":{"start":{"line":90,"column":4},"end":{"line":94,"column":null}},"36":{"start":{"line":91,"column":6},"end":{"line":91,"column":null}},"37":{"start":{"line":92,"column":11},"end":{"line":94,"column":null}},"38":{"start":{"line":93,"column":6},"end":{"line":93,"column":null}},"39":{"start":{"line":96,"column":4},"end":{"line":96,"column":null}},"40":{"start":{"line":97,"column":4},"end":{"line":97,"column":null}},"41":{"start":{"line":100,"column":23},"end":{"line":112,"column":null}},"42":{"start":{"line":101,"column":4},"end":{"line":103,"column":null}},"43":{"start":{"line":102,"column":6},"end":{"line":102,"column":null}},"44":{"start":{"line":105,"column":4},"end":{"line":111,"column":null}},"45":{"start":{"line":106,"column":6},"end":{"line":106,"column":null}},"46":{"start":{"line":107,"column":6},"end":{"line":107,"column":null}},"47":{"start":{"line":108,"column":6},"end":{"line":108,"column":null}},"48":{"start":{"line":110,"column":6},"end":{"line":110,"column":null}},"49":{"start":{"line":114,"column":22},"end":{"line":117,"column":null}},"50":{"start":{"line":115,"column":4},"end":{"line":115,"column":null}},"51":{"start":{"line":116,"column":4},"end":{"line":116,"column":null}},"52":{"start":{"line":209,"column":15},"end":{"line":232,"column":null}}},"fnMap":{"0":{"name":"(anonymous_4)","decl":{"start":{"line":44,"column":55},"end":{"line":44,"column":56}},"loc":{"start":{"line":51,"column":1},"end":{"line":207,"column":null}}},"1":{"name":"(anonymous_5)","decl":{"start":{"line":61,"column":12},"end":{"line":61,"column":null}},"loc":{"start":{"line":61,"column":12},"end":{"line":69,"column":5}}},"2":{"name":"(anonymous_6)","decl":{"start":{"line":71,"column":20},"end":{"line":71,"column":null}},"loc":{"start":{"line":71,"column":20},"end":{"line":76,"column":null}}},"3":{"name":"(anonymous_7)","decl":{"start":{"line":78,"column":23},"end":{"line":78,"column":null}},"loc":{"start":{"line":78,"column":23},"end":{"line":98,"column":null}}},"4":{"name":"(anonymous_8)","decl":{"start":{"line":100,"column":23},"end":{"line":100,"column":null}},"loc":{"start":{"line":100,"column":23},"end":{"line":112,"column":null}}},"5":{"name":"(anonymous_9)","decl":{"start":{"line":114,"column":22},"end":{"line":114,"column":null}},"loc":{"start":{"line":114,"column":22},"end":{"line":117,"column":null}}}},"branchMap":{"0":{"loc":{"start":{"line":49,"column":2},"end":{"line":49,"column":19}},"type":"default-arg","locations":[{"start":{"line":49,"column":14},"end":{"line":49,"column":19}}]},"1":{"loc":{"start":{"line":50,"column":2},"end":{"line":50,"column":19}},"type":"default-arg","locations":[{"start":{"line":50,"column":14},"end":{"line":50,"column":19}}]},"2":{"loc":{"start":{"line":59,"column":22},"end":{"line":59,"column":71}},"type":"cond-expr","locations":[{"start":{"line":59,"column":35},"end":{"line":59,"column":51}},{"start":{"line":59,"column":54},"end":{"line":59,"column":71}}]},"3":{"loc":{"start":{"line":62,"column":4},"end":{"line":68,"column":null}},"type":"if","locations":[{"start":{"line":62,"column":4},"end":{"line":68,"column":null}},{"start":{"line":66,"column":11},"end":{"line":68,"column":null}}]},"4":{"loc":{"start":{"line":81,"column":4},"end":{"line":83,"column":null}},"type":"if","locations":[{"start":{"line":81,"column":4},"end":{"line":83,"column":null}}]},"5":{"loc":{"start":{"line":85,"column":4},"end":{"line":87,"column":null}},"type":"if","locations":[{"start":{"line":85,"column":4},"end":{"line":87,"column":null}}]},"6":{"loc":{"start":{"line":90,"column":4},"end":{"line":94,"column":null}},"type":"if","locations":[{"start":{"line":90,"column":4},"end":{"line":94,"column":null}},{"start":{"line":92,"column":11},"end":{"line":94,"column":null}}]},"7":{"loc":{"start":{"line":92,"column":11},"end":{"line":94,"column":null}},"type":"if","locations":[{"start":{"line":92,"column":11},"end":{"line":94,"column":null}}]},"8":{"loc":{"start":{"line":92,"column":15},"end":{"line":92,"column":71}},"type":"binary-expr","locations":[{"start":{"line":92,"column":15},"end":{"line":92,"column":35}},{"start":{"line":92,"column":35},"end":{"line":92,"column":52}},{"start":{"line":92,"column":52},"end":{"line":92,"column":71}}]},"9":{"loc":{"start":{"line":101,"column":4},"end":{"line":103,"column":null}},"type":"if","locations":[{"start":{"line":101,"column":4},"end":{"line":103,"column":null}}]},"10":{"loc":{"start":{"line":134,"column":13},"end":{"line":134,"column":null}},"type":"cond-expr","locations":[{"start":{"line":134,"column":25},"end":{"line":134,"column":45}},{"start":{"line":134,"column":45},"end":{"line":134,"column":null}}]},"11":{"loc":{"start":{"line":184,"column":21},"end":{"line":184,"column":null}},"type":"cond-expr","locations":[{"start":{"line":184,"column":33},"end":{"line":184,"column":52}},{"start":{"line":184,"column":52},"end":{"line":184,"column":null}}]}},"s":{"0":22,"1":1,"2":1,"3":1,"4":1,"5":1,"6":1,"7":1,"8":1,"9":1,"10":0,"11":0,"12":0,"13":0,"14":0,"15":0,"16":0,"17":0,"18":0,"19":0,"20":0,"21":0,"22":0,"23":0,"24":0,"25":0,"26":0,"27":0,"28":0,"29":0,"30":0,"31":0,"32":0,"33":0,"34":0,"35":0,"36":0,"37":0,"38":0,"39":0,"40":0,"41":0,"42":0,"43":0,"44":0,"45":0,"46":0,"47":0,"48":0,"49":0,"50":0,"51":0,"52":1},"f":{"0":0,"1":0,"2":0,"3":0,"4":0,"5":0},"b":{"0":[0],"1":[0],"2":[0,0],"3":[0,0],"4":[0],"5":[0],"6":[0,0],"7":[0],"8":[0,0,0],"9":[0],"10":[0,0],"11":[0,0]}}
,"C:\\xampp\\htdocs\\midterm-api\\midterm-app\\components\\themed-text.tsx": {"path":"C:\\xampp\\htdocs\\midterm-api\\midterm-app\\components\\themed-text.tsx","statementMap":{"0":{"start":{"line":34,"column":16},"end":{"line":34,"column":null}},"1":{"start":{"line":71,"column":15},"end":{"line":152,"column":null}}},"fnMap":{"0":{"name":"ThemedText","decl":{"start":{"line":27,"column":16},"end":{"line":27,"column":27}},"loc":{"start":{"line":33,"column":18},"end":{"line":69,"column":null}}}},"branchMap":{"0":{"loc":{"start":{"line":31,"column":2},"end":{"line":31,"column":15}},"type":"default-arg","locations":[{"start":{"line":31,"column":9},"end":{"line":31,"column":15}}]},"1":{"loc":{"start":{"line":49,"column":8},"end":{"line":49,"column":null}},"type":"cond-expr","locations":[{"start":{"line":49,"column":24},"end":{"line":49,"column":33}},{"start":{"line":49,"column":36},"end":{"line":49,"column":null}}]},"2":{"loc":{"start":{"line":50,"column":8},"end":{"line":50,"column":null}},"type":"cond-expr","locations":[{"start":{"line":50,"column":24},"end":{"line":50,"column":33}},{"start":{"line":50,"column":36},"end":{"line":50,"column":null}}]},"3":{"loc":{"start":{"line":51,"column":8},"end":{"line":51,"column":null}},"type":"cond-expr","locations":[{"start":{"line":51,"column":24},"end":{"line":51,"column":33}},{"start":{"line":51,"column":36},"end":{"line":51,"column":null}}]},"4":{"loc":{"start":{"line":52,"column":8},"end":{"line":52,"column":null}},"type":"cond-expr","locations":[{"start":{"line":52,"column":31},"end":{"line":52,"column":47}},{"start":{"line":52,"column":50},"end":{"line":52,"column":null}}]},"5":{"loc":{"start":{"line":53,"column":8},"end":{"line":53,"column":null}},"type":"cond-expr","locations":[{"start":{"line":53,"column":26},"end":{"line":53,"column":37}},{"start":{"line":53,"column":40},"end":{"line":53,"column":null}}]},"6":{"loc":{"start":{"line":54,"column":8},"end":{"line":54,"column":null}},"type":"cond-expr","locations":[{"start":{"line":54,"column":31},"end":{"line":54,"column":47}},{"start":{"line":54,"column":50},"end":{"line":54,"column":null}}]},"7":{"loc":{"start":{"line":55,"column":8},"end":{"line":55,"column":null}},"type":"cond-expr","locations":[{"start":{"line":55,"column":28},"end":{"line":55,"column":41}},{"start":{"line":55,"column":44},"end":{"line":55,"column":null}}]},"8":{"loc":{"start":{"line":56,"column":8},"end":{"line":56,"column":null}},"type":"cond-expr","locations":[{"start":{"line":56,"column":27},"end":{"line":56,"column":39}},{"start":{"line":56,"column":42},"end":{"line":56,"column":null}}]},"9":{"loc":{"start":{"line":57,"column":8},"end":{"line":57,"column":null}},"type":"cond-expr","locations":[{"start":{"line":57,"column":29},"end":{"line":57,"column":43}},{"start":{"line":57,"column":46},"end":{"line":57,"column":null}}]},"10":{"loc":{"start":{"line":59,"column":8},"end":{"line":59,"column":null}},"type":"cond-expr","locations":[{"start":{"line":59,"column":29},"end":{"line":59,"column":43}},{"start":{"line":59,"column":46},"end":{"line":59,"column":null}}]},"11":{"loc":{"start":{"line":60,"column":8},"end":{"line":60,"column":null}},"type":"cond-expr","locations":[{"start":{"line":60,"column":27},"end":{"line":60,"column":39}},{"start":{"line":60,"column":42},"end":{"line":60,"column":null}}]},"12":{"loc":{"start":{"line":61,"column":8},"end":{"line":61,"column":null}},"type":"cond-expr","locations":[{"start":{"line":61,"column":37},"end":{"line":61,"column":59}},{"start":{"line":61,"column":62},"end":{"line":61,"column":null}}]},"13":{"loc":{"start":{"line":62,"column":8},"end":{"line":62,"column":null}},"type":"cond-expr","locations":[{"start":{"line":62,"column":30},"end":{"line":62,"column":45}},{"start":{"line":62,"column":48},"end":{"line":62,"column":null}}]},"14":{"loc":{"start":{"line":63,"column":8},"end":{"line":63,"column":null}},"type":"cond-expr","locations":[{"start":{"line":63,"column":26},"end":{"line":63,"column":37}},{"start":{"line":63,"column":40},"end":{"line":63,"column":null}}]}},"s":{"0":0,"1":0},"f":{"0":0},"b":{"0":[0],"1":[0,0],"2":[0,0],"3":[0,0],"4":[0,0],"5":[0,0],"6":[0,0],"7":[0,0],"8":[0,0],"9":[0,0],"10":[0,0],"11":[0,0],"12":[0,0],"13":[0,0],"14":[0,0]}}
,"C:\\xampp\\htdocs\\midterm-api\\midterm-app\\components\\themed-view.tsx": {"path":"C:\\xampp\\htdocs\\midterm-api\\midterm-app\\components\\themed-view.tsx","statementMap":{"0":{"start":{"line":21,"column":26},"end":{"line":23,"column":null}},"1":{"start":{"line":26,"column":25},"end":{"line":31,"column":null}}},"fnMap":{"0":{"name":"ThemedView","decl":{"start":{"line":13,"column":16},"end":{"line":13,"column":27}},"loc":{"start":{"line":20,"column":18},"end":{"line":43,"column":null}}}},"branchMap":{"0":{"loc":{"start":{"line":17,"column":2},"end":{"line":17,"column":16}},"type":"default-arg","locations":[{"start":{"line":17,"column":11},"end":{"line":17,"column":16}}]},"1":{"loc":{"start":{"line":18,"column":2},"end":{"line":18,"column":20}},"type":"default-arg","locations":[{"start":{"line":18,"column":16},"end":{"line":18,"column":20}}]},"2":{"loc":{"start":{"line":37,"column":8},"end":{"line":37,"column":null}},"type":"binary-expr","locations":[{"start":{"line":37,"column":8},"end":{"line":37,"column":18}},{"start":{"line":37,"column":18},"end":{"line":37,"column":null}}]}},"s":{"0":0,"1":0},"f":{"0":0},"b":{"0":[0],"1":[0],"2":[0,0]}}
,"C:\\xampp\\htdocs\\midterm-api\\midterm-app\\components\\ui\\avatar.tsx": {"path":"C:\\xampp\\htdocs\\midterm-api\\midterm-app\\components\\ui\\avatar.tsx","statementMap":{"0":{"start":{"line":24,"column":22},"end":{"line":37,"column":null}},"1":{"start":{"line":25,"column":2},"end":{"line":36,"column":null}},"2":{"start":{"line":27,"column":6},"end":{"line":27,"column":null}},"3":{"start":{"line":29,"column":6},"end":{"line":29,"column":null}},"4":{"start":{"line":31,"column":6},"end":{"line":31,"column":null}},"5":{"start":{"line":33,"column":6},"end":{"line":33,"column":null}},"6":{"start":{"line":35,"column":6},"end":{"line":35,"column":null}},"7":{"start":{"line":39,"column":23},"end":{"line":53,"column":null}},"8":{"start":{"line":40,"column":2},"end":{"line":52,"column":null}},"9":{"start":{"line":42,"column":6},"end":{"line":42,"column":24}},"10":{"start":{"line":44,"column":6},"end":{"line":44,"column":24}},"11":{"start":{"line":46,"column":6},"end":{"line":46,"column":24}},"12":{"start":{"line":48,"column":6},"end":{"line":48,"column":24}},"13":{"start":{"line":51,"column":6},"end":{"line":51,"column":null}},"14":{"start":{"line":55,"column":45},"end":{"line":125,"column":2}},"15":{"start":{"line":63,"column":20},"end":{"line":63,"column":null}},"16":{"start":{"line":64,"column":21},"end":{"line":64,"column":null}},"17":{"start":{"line":65,"column":22},"end":{"line":65,"column":71}},"18":{"start":{"line":67,"column":21},"end":{"line":67,"column":null}},"19":{"start":{"line":68,"column":22},"end":{"line":68,"column":null}},"20":{"start":{"line":70,"column":18},"end":{"line":70,"column":56}}},"fnMap":{"0":{"name":"(anonymous_0)","decl":{"start":{"line":24,"column":22},"end":{"line":24,"column":23}},"loc":{"start":{"line":24,"column":23},"end":{"line":37,"column":null}}},"1":{"name":"(anonymous_1)","decl":{"start":{"line":39,"column":23},"end":{"line":39,"column":24}},"loc":{"start":{"line":39,"column":24},"end":{"line":53,"column":null}}},"2":{"name":"(anonymous_2)","decl":{"start":{"line":55,"column":45},"end":{"line":55,"column":46}},"loc":{"start":{"line":62,"column":1},"end":{"line":125,"column":2}}}},"branchMap":{"0":{"loc":{"start":{"line":25,"column":2},"end":{"line":36,"column":null}},"type":"switch","locations":[{"start":{"line":26,"column":4},"end":{"line":27,"column":null}},{"start":{"line":28,"column":4},"end":{"line":29,"column":null}},{"start":{"line":30,"column":4},"end":{"line":31,"column":null}},{"start":{"line":32,"column":4},"end":{"line":33,"column":null}},{"start":{"line":34,"column":4},"end":{"line":35,"column":null}}]},"1":{"loc":{"start":{"line":40,"column":2},"end":{"line":52,"column":null}},"type":"switch","locations":[{"start":{"line":41,"column":4},"end":{"line":42,"column":24}},{"start":{"line":43,"column":4},"end":{"line":44,"column":24}},{"start":{"line":45,"column":4},"end":{"line":46,"column":24}},{"start":{"line":47,"column":4},"end":{"line":48,"column":24}},{"start":{"line":49,"column":4},"end":{"line":49,"column":null}},{"start":{"line":50,"column":4},"end":{"line":51,"column":null}}]},"2":{"loc":{"start":{"line":56,"column":2},"end":{"line":56,"column":16}},"type":"default-arg","locations":[{"start":{"line":56,"column":13},"end":{"line":56,"column":16}}]},"3":{"loc":{"start":{"line":58,"column":2},"end":{"line":58,"column":13}},"type":"default-arg","locations":[{"start":{"line":58,"column":9},"end":{"line":58,"column":13}}]},"4":{"loc":{"start":{"line":59,"column":2},"end":{"line":59,"column":17}},"type":"default-arg","locations":[{"start":{"line":59,"column":11},"end":{"line":59,"column":17}}]},"5":{"loc":{"start":{"line":65,"column":22},"end":{"line":65,"column":71}},"type":"cond-expr","locations":[{"start":{"line":65,"column":35},"end":{"line":65,"column":51}},{"start":{"line":65,"column":54},"end":{"line":65,"column":71}}]},"6":{"loc":{"start":{"line":70,"column":18},"end":{"line":70,"column":56}},"type":"binary-expr","locations":[{"start":{"line":70,"column":18},"end":{"line":70,"column":37}},{"start":{"line":70,"column":37},"end":{"line":70,"column":56}}]},"7":{"loc":{"start":{"line":87,"column":9},"end":{"line":103,"column":null}},"type":"cond-expr","locations":[{"start":{"line":88,"column":10},"end":{"line":96,"column":11}},{"start":{"line":96,"column":10},"end":{"line":103,"column":null}}]},"8":{"loc":{"start":{"line":108,"column":7},"end":{"line":108,"column":null}},"type":"binary-expr","locations":[{"start":{"line":108,"column":7},"end":{"line":108,"column":null}}]}},"s":{"0":0,"1":0,"2":0,"3":0,"4":0,"5":0,"6":0,"7":0,"8":0,"9":0,"10":0,"11":0,"12":0,"13":0,"14":0,"15":0,"16":0,"17":0,"18":0,"19":0,"20":0},"f":{"0":0,"1":0,"2":0},"b":{"0":[0,0,0,0,0],"1":[0,0,0,0,0,0],"2":[0],"3":[0],"4":[0],"5":[0,0],"6":[0,0],"7":[0,0],"8":[0]}}
,"C:\\xampp\\htdocs\\midterm-api\\midterm-app\\components\\ui\\badge.tsx": {"path":"C:\\xampp\\htdocs\\midterm-api\\midterm-app\\components\\ui\\badge.tsx","statementMap":{"0":{"start":{"line":28,"column":25},"end":{"line":62,"column":null}},"1":{"start":{"line":33,"column":19},"end":{"line":59,"column":null}},"2":{"start":{"line":61,"column":2},"end":{"line":61,"column":null}},"3":{"start":{"line":64,"column":43},"end":{"line":128,"column":2}},"4":{"start":{"line":71,"column":20},"end":{"line":71,"column":null}},"5":{"start":{"line":72,"column":21},"end":{"line":72,"column":46}},"6":{"start":{"line":74,"column":22},"end":{"line":74,"column":71}},"7":{"start":{"line":75,"column":24},"end":{"line":75,"column":null}},"8":{"start":{"line":77,"column":21},"end":{"line":93,"column":null}},"9":{"start":{"line":95,"column":17},"end":{"line":95,"column":33}},"10":{"start":{"line":97,"column":2},"end":{"line":124,"column":null}},"11":{"start":{"line":130,"column":15},"end":{"line":139,"column":null}}},"fnMap":{"0":{"name":"(anonymous_0)","decl":{"start":{"line":28,"column":25},"end":{"line":28,"column":null}},"loc":{"start":{"line":31,"column":2},"end":{"line":62,"column":null}}},"1":{"name":"(anonymous_1)","decl":{"start":{"line":64,"column":43},"end":{"line":64,"column":44}},"loc":{"start":{"line":70,"column":1},"end":{"line":128,"column":2}}}},"branchMap":{"0":{"loc":{"start":{"line":35,"column":10},"end":{"line":35,"column":64}},"type":"cond-expr","locations":[{"start":{"line":35,"column":23},"end":{"line":35,"column":42}},{"start":{"line":35,"column":45},"end":{"line":35,"column":64}}]},"1":{"loc":{"start":{"line":36,"column":12},"end":{"line":36,"column":74}},"type":"cond-expr","locations":[{"start":{"line":36,"column":25},"end":{"line":36,"column":48}},{"start":{"line":36,"column":51},"end":{"line":36,"column":74}}]},"2":{"loc":{"start":{"line":37,"column":14},"end":{"line":37,"column":68}},"type":"cond-expr","locations":[{"start":{"line":37,"column":27},"end":{"line":37,"column":46}},{"start":{"line":37,"column":49},"end":{"line":37,"column":68}}]},"3":{"loc":{"start":{"line":40,"column":10},"end":{"line":40,"column":69}},"type":"cond-expr","locations":[{"start":{"line":40,"column":23},"end":{"line":40,"column":42}},{"start":{"line":40,"column":45},"end":{"line":40,"column":69}}]},"4":{"loc":{"start":{"line":41,"column":12},"end":{"line":41,"column":66}},"type":"cond-expr","locations":[{"start":{"line":41,"column":25},"end":{"line":41,"column":44}},{"start":{"line":41,"column":47},"end":{"line":41,"column":66}}]},"5":{"loc":{"start":{"line":42,"column":14},"end":{"line":42,"column":68}},"type":"cond-expr","locations":[{"start":{"line":42,"column":27},"end":{"line":42,"column":46}},{"start":{"line":42,"column":49},"end":{"line":42,"column":68}}]},"6":{"loc":{"start":{"line":45,"column":10},"end":{"line":45,"column":69}},"type":"cond-expr","locations":[{"start":{"line":45,"column":23},"end":{"line":45,"column":42}},{"start":{"line":45,"column":45},"end":{"line":45,"column":69}}]},"7":{"loc":{"start":{"line":46,"column":12},"end":{"line":46,"column":66}},"type":"cond-expr","locations":[{"start":{"line":46,"column":25},"end":{"line":46,"column":44}},{"start":{"line":46,"column":47},"end":{"line":46,"column":66}}]},"8":{"loc":{"start":{"line":47,"column":14},"end":{"line":47,"column":68}},"type":"cond-expr","locations":[{"start":{"line":47,"column":27},"end":{"line":47,"column":46}},{"start":{"line":47,"column":49},"end":{"line":47,"column":68}}]},"9":{"loc":{"start":{"line":50,"column":10},"end":{"line":50,"column":65}},"type":"cond-expr","locations":[{"start":{"line":50,"column":23},"end":{"line":50,"column":40}},{"start":{"line":50,"column":43},"end":{"line":50,"column":65}}]},"10":{"loc":{"start":{"line":51,"column":12},"end":{"line":51,"column":62}},"type":"cond-expr","locations":[{"start":{"line":51,"column":25},"end":{"line":51,"column":42}},{"start":{"line":51,"column":45},"end":{"line":51,"column":62}}]},"11":{"loc":{"start":{"line":52,"column":14},"end":{"line":52,"column":64}},"type":"cond-expr","locations":[{"start":{"line":52,"column":27},"end":{"line":52,"column":44}},{"start":{"line":52,"column":47},"end":{"line":52,"column":64}}]},"12":{"loc":{"start":{"line":66,"column":2},"end":{"line":66,"column":21}},"type":"default-arg","locations":[{"start":{"line":66,"column":12},"end":{"line":66,"column":21}}]},"13":{"loc":{"start":{"line":67,"column":2},"end":{"line":67,"column":13}},"type":"default-arg","locations":[{"start":{"line":67,"column":9},"end":{"line":67,"column":13}}]},"14":{"loc":{"start":{"line":74,"column":22},"end":{"line":74,"column":71}},"type":"cond-expr","locations":[{"start":{"line":74,"column":35},"end":{"line":74,"column":51}},{"start":{"line":74,"column":54},"end":{"line":74,"column":71}}]},"15":{"loc":{"start":{"line":110,"column":7},"end":{"line":110,"column":null}},"type":"binary-expr","locations":[{"start":{"line":110,"column":7},"end":{"line":110,"column":15}},{"start":{"line":110,"column":15},"end":{"line":110,"column":null}}]}},"s":{"0":0,"1":0,"2":0,"3":0,"4":0,"5":0,"6":0,"7":0,"8":0,"9":0,"10":0,"11":0},"f":{"0":0,"1":0},"b":{"0":[0,0],"1":[0,0],"2":[0,0],"3":[0,0],"4":[0,0],"5":[0,0],"6":[0,0],"7":[0,0],"8":[0,0],"9":[0,0],"10":[0,0],"11":[0,0],"12":[0],"13":[0],"14":[0,0],"15":[0,0]}}
,"C:\\xampp\\htdocs\\midterm-api\\midterm-app\\components\\ui\\button.tsx": {"path":"C:\\xampp\\htdocs\\midterm-api\\midterm-app\\components\\ui\\button.tsx","statementMap":{"0":{"start":{"line":41,"column":24},"end":{"line":158,"column":null}},"1":{"start":{"line":49,"column":20},"end":{"line":54,"column":null}},"2":{"start":{"line":57,"column":21},"end":{"line":62,"column":null}},"3":{"start":{"line":64,"column":18},"end":{"line":64,"column":34}},"4":{"start":{"line":65,"column":17},"end":{"line":65,"column":32}},"5":{"start":{"line":68,"column":34},"end":{"line":76,"column":null}},"6":{"start":{"line":78,"column":29},"end":{"line":81,"column":null}},"7":{"start":{"line":84,"column":2},"end":{"line":151,"column":null}},"8":{"start":{"line":86,"column":6},"end":{"line":91,"column":null}},"9":{"start":{"line":92,"column":6},"end":{"line":96,"column":null}},"10":{"start":{"line":97,"column":6},"end":{"line":97,"column":null}},"11":{"start":{"line":100,"column":6},"end":{"line":105,"column":null}},"12":{"start":{"line":106,"column":6},"end":{"line":109,"column":null}},"13":{"start":{"line":110,"column":6},"end":{"line":110,"column":null}},"14":{"start":{"line":113,"column":6},"end":{"line":118,"column":null}},"15":{"start":{"line":119,"column":6},"end":{"line":123,"column":null}},"16":{"start":{"line":124,"column":6},"end":{"line":124,"column":null}},"17":{"start":{"line":127,"column":6},"end":{"line":130,"column":null}},"18":{"start":{"line":131,"column":6},"end":{"line":135,"column":null}},"19":{"start":{"line":136,"column":6},"end":{"line":136,"column":null}},"20":{"start":{"line":139,"column":6},"end":{"line":144,"column":null}},"21":{"start":{"line":145,"column":6},"end":{"line":149,"column":null}},"22":{"start":{"line":150,"column":6},"end":{"line":150,"column":null}},"23":{"start":{"line":153,"column":2},"end":{"line":155,"column":null}},"24":{"start":{"line":154,"column":4},"end":{"line":154,"column":null}},"25":{"start":{"line":157,"column":2},"end":{"line":157,"column":null}},"26":{"start":{"line":160,"column":61},"end":{"line":200,"column":2}},"27":{"start":{"line":171,"column":20},"end":{"line":171,"column":null}},"28":{"start":{"line":172,"column":21},"end":{"line":172,"column":46}},"29":{"start":{"line":174,"column":22},"end":{"line":174,"column":71}},"30":{"start":{"line":175,"column":30},"end":{"line":180,"column":null}},"31":{"start":{"line":183,"column":2},"end":{"line":195,"column":null}}},"fnMap":{"0":{"name":"(anonymous_0)","decl":{"start":{"line":41,"column":24},"end":{"line":41,"column":null}},"loc":{"start":{"line":46,"column":2},"end":{"line":158,"column":null}}},"1":{"name":"(anonymous_1)","decl":{"start":{"line":160,"column":61},"end":{"line":160,"column":62}},"loc":{"start":{"line":170,"column":1},"end":{"line":200,"column":2}}}},"branchMap":{"0":{"loc":{"start":{"line":84,"column":2},"end":{"line":151,"column":null}},"type":"switch","locations":[{"start":{"line":85,"column":4},"end":{"line":97,"column":null}},{"start":{"line":99,"column":4},"end":{"line":110,"column":null}},{"start":{"line":112,"column":4},"end":{"line":124,"column":null}},{"start":{"line":126,"column":4},"end":{"line":136,"column":null}},{"start":{"line":138,"column":4},"end":{"line":150,"column":null}}]},"1":{"loc":{"start":{"line":88,"column":25},"end":{"line":90,"column":31}},"type":"cond-expr","locations":[{"start":{"line":89,"column":12},"end":{"line":89,"column":36}},{"start":{"line":90,"column":12},"end":{"line":90,"column":31}}]},"2":{"loc":{"start":{"line":117,"column":21},"end":{"line":117,"column":78}},"type":"cond-expr","locations":[{"start":{"line":117,"column":32},"end":{"line":117,"column":56}},{"start":{"line":117,"column":59},"end":{"line":117,"column":78}}]},"3":{"loc":{"start":{"line":121,"column":15},"end":{"line":121,"column":72}},"type":"cond-expr","locations":[{"start":{"line":121,"column":26},"end":{"line":121,"column":50}},{"start":{"line":121,"column":53},"end":{"line":121,"column":72}}]},"4":{"loc":{"start":{"line":133,"column":15},"end":{"line":133,"column":72}},"type":"cond-expr","locations":[{"start":{"line":133,"column":26},"end":{"line":133,"column":50}},{"start":{"line":133,"column":53},"end":{"line":133,"column":72}}]},"5":{"loc":{"start":{"line":141,"column":25},"end":{"line":143,"column":29}},"type":"cond-expr","locations":[{"start":{"line":142,"column":12},"end":{"line":142,"column":36}},{"start":{"line":143,"column":12},"end":{"line":143,"column":29}}]},"6":{"loc":{"start":{"line":153,"column":2},"end":{"line":155,"column":null}},"type":"if","locations":[{"start":{"line":153,"column":2},"end":{"line":155,"column":null}}]},"7":{"loc":{"start":{"line":163,"column":2},"end":{"line":163,"column":21}},"type":"default-arg","locations":[{"start":{"line":163,"column":12},"end":{"line":163,"column":21}}]},"8":{"loc":{"start":{"line":164,"column":2},"end":{"line":164,"column":13}},"type":"default-arg","locations":[{"start":{"line":164,"column":9},"end":{"line":164,"column":13}}]},"9":{"loc":{"start":{"line":165,"column":2},"end":{"line":165,"column":18}},"type":"default-arg","locations":[{"start":{"line":165,"column":13},"end":{"line":165,"column":18}}]},"10":{"loc":{"start":{"line":166,"column":2},"end":{"line":166,"column":17}},"type":"default-arg","locations":[{"start":{"line":166,"column":12},"end":{"line":166,"column":17}}]},"11":{"loc":{"start":{"line":167,"column":2},"end":{"line":167,"column":19}},"type":"default-arg","locations":[{"start":{"line":167,"column":14},"end":{"line":167,"column":19}}]},"12":{"loc":{"start":{"line":174,"column":22},"end":{"line":174,"column":71}},"type":"cond-expr","locations":[{"start":{"line":174,"column":35},"end":{"line":174,"column":51}},{"start":{"line":174,"column":54},"end":{"line":174,"column":71}}]},"13":{"loc":{"start":{"line":178,"column":4},"end":{"line":178,"column":null}},"type":"binary-expr","locations":[{"start":{"line":178,"column":4},"end":{"line":178,"column":16}},{"start":{"line":178,"column":16},"end":{"line":178,"column":null}}]},"14":{"loc":{"start":{"line":186,"column":16},"end":{"line":186,"column":null}},"type":"binary-expr","locations":[{"start":{"line":186,"column":16},"end":{"line":186,"column":28}},{"start":{"line":186,"column":28},"end":{"line":186,"column":null}}]},"15":{"loc":{"start":{"line":188,"column":25},"end":{"line":188,"column":57}},"type":"binary-expr","locations":[{"start":{"line":188,"column":25},"end":{"line":188,"column":38}},{"start":{"line":188,"column":38},"end":{"line":188,"column":57}}]},"16":{"loc":{"start":{"line":190,"column":7},"end":{"line":195,"column":null}},"type":"cond-expr","locations":[{"start":{"line":191,"column":8},"end":{"line":193,"column":null}},{"start":{"line":193,"column":8},"end":{"line":195,"column":null}}]},"17":{"loc":{"start":{"line":194,"column":11},"end":{"line":194,"column":null}},"type":"binary-expr","locations":[{"start":{"line":194,"column":11},"end":{"line":194,"column":19}},{"start":{"line":194,"column":19},"end":{"line":194,"column":null}}]}},"s":{"0":0,"1":0,"2":0,"3":0,"4":0,"5":0,"6":0,"7":0,"8":0,"9":0,"10":0,"11":0,"12":0,"13":0,"14":0,"15":0,"16":0,"17":0,"18":0,"19":0,"20":0,"21":0,"22":0,"23":0,"24":0,"25":0,"26":0,"27":0,"28":0,"29":0,"30":0,"31":0},"f":{"0":0,"1":0},"b":{"0":[0,0,0,0,0],"1":[0,0],"2":[0,0],"3":[0,0],"4":[0,0],"5":[0,0],"6":[0],"7":[0],"8":[0],"9":[0],"10":[0],"11":[0],"12":[0,0],"13":[0,0],"14":[0,0],"15":[0,0],"16":[0,0],"17":[0,0]}}
,"C:\\xampp\\htdocs\\midterm-api\\midterm-app\\components\\ui\\collapsible.tsx": {"path":"C:\\xampp\\htdocs\\midterm-api\\midterm-app\\components\\ui\\collapsible.tsx","statementMap":{"0":{"start":{"line":11,"column":30},"end":{"line":11,"column":null}},"1":{"start":{"line":12,"column":16},"end":{"line":12,"column":null}},"2":{"start":{"line":14,"column":2},"end":{"line":30,"column":null}},"3":{"start":{"line":18,"column":23},"end":{"line":18,"column":null}},"4":{"start":{"line":18,"column":44},"end":{"line":18,"column":null}},"5":{"start":{"line":35,"column":15},"end":{"line":45,"column":null}}},"fnMap":{"0":{"name":"Collapsible","decl":{"start":{"line":10,"column":16},"end":{"line":10,"column":28}},"loc":{"start":{"line":10,"column":86},"end":{"line":33,"column":null}}},"1":{"name":"(anonymous_1)","decl":{"start":{"line":18,"column":17},"end":{"line":18,"column":23}},"loc":{"start":{"line":18,"column":23},"end":{"line":18,"column":null}}},"2":{"name":"(anonymous_2)","decl":{"start":{"line":18,"column":33},"end":{"line":18,"column":34}},"loc":{"start":{"line":18,"column":44},"end":{"line":18,"column":null}}}},"branchMap":{"0":{"loc":{"start":{"line":12,"column":16},"end":{"line":12,"column":null}},"type":"binary-expr","locations":[{"start":{"line":12,"column":16},"end":{"line":12,"column":36}},{"start":{"line":12,"column":36},"end":{"line":12,"column":null}}]},"1":{"loc":{"start":{"line":24,"column":17},"end":{"line":24,"column":73}},"type":"cond-expr","locations":[{"start":{"line":24,"column":37},"end":{"line":24,"column":54}},{"start":{"line":24,"column":57},"end":{"line":24,"column":73}}]},"2":{"loc":{"start":{"line":25,"column":41},"end":{"line":25,"column":67}},"type":"cond-expr","locations":[{"start":{"line":25,"column":50},"end":{"line":25,"column":60}},{"start":{"line":25,"column":60},"end":{"line":25,"column":67}}]},"3":{"loc":{"start":{"line":30,"column":7},"end":{"line":30,"column":null}},"type":"binary-expr","locations":[{"start":{"line":30,"column":7},"end":{"line":30,"column":17}},{"start":{"line":30,"column":17},"end":{"line":30,"column":null}}]}},"s":{"0":0,"1":0,"2":0,"3":0,"4":0,"5":0},"f":{"0":0,"1":0,"2":0},"b":{"0":[0,0],"1":[0,0],"2":[0,0],"3":[0,0]}}
,"C:\\xampp\\htdocs\\midterm-api\\midterm-app\\components\\ui\\divider.tsx": {"path":"C:\\xampp\\htdocs\\midterm-api\\midterm-app\\components\\ui\\divider.tsx","statementMap":{"0":{"start":{"line":18,"column":47},"end":{"line":74,"column":2}},"1":{"start":{"line":24,"column":20},"end":{"line":24,"column":null}},"2":{"start":{"line":25,"column":21},"end":{"line":25,"column":46}},"3":{"start":{"line":27,"column":22},"end":{"line":27,"column":71}},"4":{"start":{"line":29,"column":23},"end":{"line":33,"column":null}},"5":{"start":{"line":35,"column":20},"end":{"line":40,"column":null}},"6":{"start":{"line":42,"column":15},"end":{"line":42,"column":38}},"7":{"start":{"line":43,"column":18},"end":{"line":43,"column":35}},"8":{"start":{"line":45,"column":2},"end":{"line":59,"column":null}},"9":{"start":{"line":76,"column":15},"end":{"line":83,"column":null}}},"fnMap":{"0":{"name":"(anonymous_0)","decl":{"start":{"line":18,"column":47},"end":{"line":18,"column":48}},"loc":{"start":{"line":23,"column":1},"end":{"line":74,"column":2}}}},"branchMap":{"0":{"loc":{"start":{"line":20,"column":2},"end":{"line":20,"column":18}},"type":"default-arg","locations":[{"start":{"line":20,"column":13},"end":{"line":20,"column":18}}]},"1":{"loc":{"start":{"line":21,"column":2},"end":{"line":21,"column":22}},"type":"default-arg","locations":[{"start":{"line":21,"column":14},"end":{"line":21,"column":22}}]},"2":{"loc":{"start":{"line":22,"column":2},"end":{"line":22,"column":15}},"type":"default-arg","locations":[{"start":{"line":22,"column":11},"end":{"line":22,"column":15}}]},"3":{"loc":{"start":{"line":27,"column":22},"end":{"line":27,"column":71}},"type":"cond-expr","locations":[{"start":{"line":27,"column":35},"end":{"line":27,"column":51}},{"start":{"line":27,"column":54},"end":{"line":27,"column":71}}]},"4":{"loc":{"start":{"line":45,"column":2},"end":{"line":59,"column":null}},"type":"if","locations":[{"start":{"line":45,"column":2},"end":{"line":59,"column":null}}]}},"s":{"0":0,"1":0,"2":0,"3":0,"4":0,"5":0,"6":0,"7":0,"8":0,"9":0},"f":{"0":0},"b":{"0":[0],"1":[0],"2":[0],"3":[0,0],"4":[0]}}
,"C:\\xampp\\htdocs\\midterm-api\\midterm-app\\components\\ui\\icon-symbol.ios.tsx": {"path":"C:\\xampp\\htdocs\\midterm-api\\midterm-app\\components\\ui\\icon-symbol.ios.tsx","statementMap":{},"fnMap":{"0":{"name":"IconSymbol","decl":{"start":{"line":4,"column":16},"end":{"line":4,"column":27}},"loc":{"start":{"line":16,"column":1},"end":{"line":32,"column":null}}}},"branchMap":{"0":{"loc":{"start":{"line":6,"column":2},"end":{"line":6,"column":11}},"type":"default-arg","locations":[{"start":{"line":6,"column":9},"end":{"line":6,"column":11}}]},"1":{"loc":{"start":{"line":9,"column":2},"end":{"line":9,"column":20}},"type":"default-arg","locations":[{"start":{"line":9,"column":11},"end":{"line":9,"column":20}}]}},"s":{},"f":{"0":0},"b":{"0":[0],"1":[0]}}
,"C:\\xampp\\htdocs\\midterm-api\\midterm-app\\components\\ui\\icon-symbol.tsx": {"path":"C:\\xampp\\htdocs\\midterm-api\\midterm-app\\components\\ui\\icon-symbol.tsx","statementMap":{"0":{"start":{"line":16,"column":16},"end":{"line":21,"column":null}}},"fnMap":{"0":{"name":"IconSymbol","decl":{"start":{"line":28,"column":16},"end":{"line":28,"column":27}},"loc":{"start":{"line":39,"column":1},"end":{"line":41,"column":null}}}},"branchMap":{"0":{"loc":{"start":{"line":30,"column":2},"end":{"line":30,"column":11}},"type":"default-arg","locations":[{"start":{"line":30,"column":9},"end":{"line":30,"column":11}}]}},"s":{"0":0},"f":{"0":0},"b":{"0":[0]}}
,"C:\\xampp\\htdocs\\midterm-api\\midterm-app\\components\\ui\\rating-badge.tsx": {"path":"C:\\xampp\\htdocs\\midterm-api\\midterm-app\\components\\ui\\rating-badge.tsx","statementMap":{"0":{"start":{"line":22,"column":23},"end":{"line":28,"column":null}},"1":{"start":{"line":23,"column":2},"end":{"line":23,"column":null}},"2":{"start":{"line":23,"column":22},"end":{"line":23,"column":null}},"3":{"start":{"line":24,"column":2},"end":{"line":24,"column":null}},"4":{"start":{"line":24,"column":19},"end":{"line":24,"column":null}},"5":{"start":{"line":25,"column":2},"end":{"line":25,"column":null}},"6":{"start":{"line":25,"column":19},"end":{"line":25,"column":null}},"7":{"start":{"line":26,"column":2},"end":{"line":26,"column":null}},"8":{"start":{"line":26,"column":19},"end":{"line":26,"column":null}},"9":{"start":{"line":27,"column":2},"end":{"line":27,"column":null}},"10":{"start":{"line":30,"column":24},"end":{"line":99,"column":null}},"11":{"start":{"line":31,"column":22},"end":{"line":62,"column":null}},"12":{"start":{"line":64,"column":21},"end":{"line":95,"column":null}},"13":{"start":{"line":97,"column":17},"end":{"line":97,"column":null}},"14":{"start":{"line":98,"column":2},"end":{"line":98,"column":null}},"15":{"start":{"line":101,"column":22},"end":{"line":122,"column":null}},"16":{"start":{"line":102,"column":2},"end":{"line":121,"column":null}},"17":{"start":{"line":104,"column":6},"end":{"line":108,"column":null}},"18":{"start":{"line":110,"column":6},"end":{"line":114,"column":null}},"19":{"start":{"line":116,"column":6},"end":{"line":120,"column":null}},"20":{"start":{"line":124,"column":23},"end":{"line":142,"column":null}},"21":{"start":{"line":130,"column":2},"end":{"line":141,"column":null}},"22":{"start":{"line":132,"column":6},"end":{"line":132,"column":null}},"23":{"start":{"line":134,"column":6},"end":{"line":134,"column":null}},"24":{"start":{"line":137,"column":6},"end":{"line":139,"column":null}},"25":{"start":{"line":138,"column":8},"end":{"line":138,"column":null}},"26":{"start":{"line":140,"column":6},"end":{"line":140,"column":null}},"27":{"start":{"line":144,"column":55},"end":{"line":183,"column":2}},"28":{"start":{"line":150,"column":20},"end":{"line":150,"column":null}},"29":{"start":{"line":151,"column":21},"end":{"line":151,"column":null}},"30":{"start":{"line":153,"column":16},"end":{"line":153,"column":null}},"31":{"start":{"line":154,"column":23},"end":{"line":154,"column":null}},"32":{"start":{"line":155,"column":21},"end":{"line":155,"column":null}},"33":{"start":{"line":156,"column":22},"end":{"line":156,"column":null}},"34":{"start":{"line":158,"column":2},"end":{"line":179,"column":null}}},"fnMap":{"0":{"name":"(anonymous_0)","decl":{"start":{"line":22,"column":23},"end":{"line":22,"column":24}},"loc":{"start":{"line":22,"column":24},"end":{"line":28,"column":null}}},"1":{"name":"(anonymous_1)","decl":{"start":{"line":30,"column":24},"end":{"line":30,"column":25}},"loc":{"start":{"line":30,"column":45},"end":{"line":99,"column":null}}},"2":{"name":"(anonymous_2)","decl":{"start":{"line":101,"column":22},"end":{"line":101,"column":23}},"loc":{"start":{"line":101,"column":23},"end":{"line":122,"column":null}}},"3":{"name":"(anonymous_3)","decl":{"start":{"line":124,"column":23},"end":{"line":124,"column":null}},"loc":{"start":{"line":128,"column":2},"end":{"line":142,"column":null}}},"4":{"name":"(anonymous_4)","decl":{"start":{"line":144,"column":55},"end":{"line":144,"column":56}},"loc":{"start":{"line":149,"column":1},"end":{"line":183,"column":2}}}},"branchMap":{"0":{"loc":{"start":{"line":23,"column":2},"end":{"line":23,"column":null}},"type":"if","locations":[{"start":{"line":23,"column":2},"end":{"line":23,"column":null}}]},"1":{"loc":{"start":{"line":24,"column":2},"end":{"line":24,"column":null}},"type":"if","locations":[{"start":{"line":24,"column":2},"end":{"line":24,"column":null}}]},"2":{"loc":{"start":{"line":25,"column":2},"end":{"line":25,"column":null}},"type":"if","locations":[{"start":{"line":25,"column":2},"end":{"line":25,"column":null}}]},"3":{"loc":{"start":{"line":26,"column":2},"end":{"line":26,"column":null}},"type":"if","locations":[{"start":{"line":26,"column":2},"end":{"line":26,"column":null}}]},"4":{"loc":{"start":{"line":97,"column":17},"end":{"line":97,"column":null}},"type":"cond-expr","locations":[{"start":{"line":97,"column":30},"end":{"line":97,"column":43}},{"start":{"line":97,"column":43},"end":{"line":97,"column":null}}]},"5":{"loc":{"start":{"line":102,"column":2},"end":{"line":121,"column":null}},"type":"switch","locations":[{"start":{"line":103,"column":4},"end":{"line":108,"column":null}},{"start":{"line":109,"column":4},"end":{"line":114,"column":null}},{"start":{"line":115,"column":4},"end":{"line":120,"column":null}}]},"6":{"loc":{"start":{"line":130,"column":2},"end":{"line":141,"column":null}},"type":"switch","locations":[{"start":{"line":131,"column":4},"end":{"line":132,"column":null}},{"start":{"line":133,"column":4},"end":{"line":134,"column":null}},{"start":{"line":135,"column":4},"end":{"line":135,"column":null}},{"start":{"line":136,"column":4},"end":{"line":140,"column":null}}]},"7":{"loc":{"start":{"line":134,"column":13},"end":{"line":134,"column":null}},"type":"cond-expr","locations":[{"start":{"line":134,"column":31},"end":{"line":134,"column":43}},{"start":{"line":134,"column":46},"end":{"line":134,"column":null}}]},"8":{"loc":{"start":{"line":137,"column":6},"end":{"line":139,"column":null}},"type":"if","locations":[{"start":{"line":137,"column":6},"end":{"line":139,"column":null}}]},"9":{"loc":{"start":{"line":137,"column":10},"end":{"line":137,"column":42}},"type":"binary-expr","locations":[{"start":{"line":137,"column":10},"end":{"line":137,"column":29}},{"start":{"line":137,"column":29},"end":{"line":137,"column":42}}]},"10":{"loc":{"start":{"line":146,"column":2},"end":{"line":146,"column":18}},"type":"default-arg","locations":[{"start":{"line":146,"column":11},"end":{"line":146,"column":18}}]},"11":{"loc":{"start":{"line":147,"column":2},"end":{"line":147,"column":13}},"type":"default-arg","locations":[{"start":{"line":147,"column":9},"end":{"line":147,"column":13}}]}},"s":{"0":0,"1":0,"2":0,"3":0,"4":0,"5":0,"6":0,"7":0,"8":0,"9":0,"10":0,"11":0,"12":0,"13":0,"14":0,"15":0,"16":0,"17":0,"18":0,"19":0,"20":0,"21":0,"22":0,"23":0,"24":0,"25":0,"26":0,"27":0,"28":0,"29":0,"30":0,"31":0,"32":0,"33":0,"34":0},"f":{"0":0,"1":0,"2":0,"3":0,"4":0},"b":{"0":[0],"1":[0],"2":[0],"3":[0],"4":[0,0],"5":[0,0,0],"6":[0,0,0,0],"7":[0,0],"8":[0],"9":[0,0],"10":[0],"11":[0]}}
,"C:\\xampp\\htdocs\\midterm-api\\midterm-app\\components\\ui\\skeleton.tsx": {"path":"C:\\xampp\\htdocs\\midterm-api\\midterm-app\\components\\ui\\skeleton.tsx","statementMap":{"0":{"start":{"line":20,"column":61},"end":{"line":107,"column":2}},"1":{"start":{"line":27,"column":20},"end":{"line":27,"column":null}},"2":{"start":{"line":28,"column":21},"end":{"line":28,"column":null}},"3":{"start":{"line":31,"column":22},"end":{"line":31,"column":65}},"4":{"start":{"line":33,"column":2},"end":{"line":50,"column":null}},"5":{"start":{"line":34,"column":4},"end":{"line":49,"column":null}},"6":{"start":{"line":35,"column":6},"end":{"line":48,"column":null}},"7":{"start":{"line":52,"column":27},"end":{"line":57,"column":null}},"8":{"start":{"line":59,"column":27},"end":{"line":89,"column":null}},"9":{"start":{"line":60,"column":28},"end":{"line":60,"column":null}},"10":{"start":{"line":62,"column":4},"end":{"line":88,"column":null}},"11":{"start":{"line":64,"column":8},"end":{"line":68,"column":null}},"12":{"start":{"line":71,"column":8},"end":{"line":75,"column":null}},"13":{"start":{"line":77,"column":8},"end":{"line":81,"column":null}},"14":{"start":{"line":83,"column":8},"end":{"line":87,"column":null}},"15":{"start":{"line":91,"column":26},"end":{"line":93,"column":17}},"16":{"start":{"line":112,"column":68},"end":{"line":180,"column":2}},"17":{"start":{"line":115,"column":20},"end":{"line":115,"column":null}},"18":{"start":{"line":188,"column":5},"end":{"line":196,"column":2}}},"fnMap":{"0":{"name":"(anonymous_0)","decl":{"start":{"line":20,"column":61},"end":{"line":20,"column":62}},"loc":{"start":{"line":26,"column":1},"end":{"line":107,"column":2}}},"1":{"name":"(anonymous_1)","decl":{"start":{"line":33,"column":12},"end":{"line":33,"column":null}},"loc":{"start":{"line":33,"column":12},"end":{"line":50,"column":5}}},"2":{"name":"(anonymous_2)","decl":{"start":{"line":59,"column":27},"end":{"line":59,"column":null}},"loc":{"start":{"line":59,"column":27},"end":{"line":89,"column":null}}},"3":{"name":"(anonymous_3)","decl":{"start":{"line":112,"column":68},"end":{"line":112,"column":69}},"loc":{"start":{"line":114,"column":1},"end":{"line":180,"column":2}}},"4":{"name":"(anonymous_4)","decl":{"start":{"line":188,"column":5},"end":{"line":188,"column":6}},"loc":{"start":{"line":188,"column":26},"end":{"line":196,"column":2}}}},"branchMap":{"0":{"loc":{"start":{"line":21,"column":2},"end":{"line":21,"column":16}},"type":"default-arg","locations":[{"start":{"line":21,"column":10},"end":{"line":21,"column":16}}]},"1":{"loc":{"start":{"line":22,"column":2},"end":{"line":22,"column":13}},"type":"default-arg","locations":[{"start":{"line":22,"column":11},"end":{"line":22,"column":13}}]},"2":{"loc":{"start":{"line":23,"column":2},"end":{"line":23,"column":18}},"type":"default-arg","locations":[{"start":{"line":23,"column":12},"end":{"line":23,"column":18}}]},"3":{"loc":{"start":{"line":25,"column":2},"end":{"line":25,"column":17}},"type":"default-arg","locations":[{"start":{"line":25,"column":13},"end":{"line":25,"column":17}}]},"4":{"loc":{"start":{"line":34,"column":4},"end":{"line":49,"column":null}},"type":"if","locations":[{"start":{"line":34,"column":4},"end":{"line":49,"column":null}}]},"5":{"loc":{"start":{"line":60,"column":28},"end":{"line":60,"column":null}},"type":"cond-expr","locations":[{"start":{"line":60,"column":56},"end":{"line":60,"column":64}},{"start":{"line":60,"column":64},"end":{"line":60,"column":null}}]},"6":{"loc":{"start":{"line":62,"column":4},"end":{"line":88,"column":null}},"type":"switch","locations":[{"start":{"line":63,"column":6},"end":{"line":68,"column":null}},{"start":{"line":69,"column":6},"end":{"line":69,"column":null}},{"start":{"line":70,"column":6},"end":{"line":75,"column":null}},{"start":{"line":76,"column":6},"end":{"line":81,"column":null}},{"start":{"line":82,"column":6},"end":{"line":87,"column":null}}]},"7":{"loc":{"start":{"line":79,"column":18},"end":{"line":79,"column":null}},"type":"binary-expr","locations":[{"start":{"line":79,"column":18},"end":{"line":79,"column":28}},{"start":{"line":79,"column":28},"end":{"line":79,"column":null}}]},"8":{"loc":{"start":{"line":91,"column":26},"end":{"line":93,"column":17}},"type":"cond-expr","locations":[{"start":{"line":92,"column":6},"end":{"line":92,"column":16}},{"start":{"line":93,"column":6},"end":{"line":93,"column":17}}]},"9":{"loc":{"start":{"line":102,"column":8},"end":{"line":102,"column":null}},"type":"binary-expr","locations":[{"start":{"line":102,"column":8},"end":{"line":102,"column":20}},{"start":{"line":102,"column":20},"end":{"line":102,"column":null}}]},"10":{"loc":{"start":{"line":124,"column":27},"end":{"line":124,"column":null}},"type":"cond-expr","locations":[{"start":{"line":124,"column":53},"end":{"line":124,"column":65}},{"start":{"line":124,"column":65},"end":{"line":124,"column":null}}]},"11":{"loc":{"start":{"line":188,"column":8},"end":{"line":188,"column":17}},"type":"default-arg","locations":[{"start":{"line":188,"column":16},"end":{"line":188,"column":17}}]}},"s":{"0":0,"1":0,"2":0,"3":0,"4":0,"5":0,"6":0,"7":0,"8":0,"9":0,"10":0,"11":0,"12":0,"13":0,"14":0,"15":0,"16":0,"17":0,"18":0},"f":{"0":0,"1":0,"2":0,"3":0,"4":0},"b":{"0":[0],"1":[0],"2":[0],"3":[0],"4":[0],"5":[0,0],"6":[0,0,0,0,0],"7":[0,0],"8":[0,0],"9":[0,0],"10":[0,0],"11":[0]}}
,"C:\\xampp\\htdocs\\midterm-api\\midterm-app\\components\\ui\\text-input.tsx": {"path":"C:\\xampp\\htdocs\\midterm-api\\midterm-app\\components\\ui\\text-input.tsx","statementMap":{"0":{"start":{"line":41,"column":67},"end":{"line":169,"column":2}},"1":{"start":{"line":56,"column":36},"end":{"line":56,"column":null}},"2":{"start":{"line":58,"column":20},"end":{"line":58,"column":null}},"3":{"start":{"line":59,"column":21},"end":{"line":59,"column":46}},"4":{"start":{"line":61,"column":22},"end":{"line":61,"column":71}},"5":{"start":{"line":63,"column":22},"end":{"line":63,"column":55}},"6":{"start":{"line":64,"column":22},"end":{"line":68,"column":26}},"7":{"start":{"line":70,"column":2},"end":{"line":164,"column":null}},"8":{"start":{"line":125,"column":23},"end":{"line":125,"column":null}},"9":{"start":{"line":126,"column":22},"end":{"line":126,"column":null}},"10":{"start":{"line":171,"column":15},"end":{"line":197,"column":null}}},"fnMap":{"0":{"name":"(anonymous_0)","decl":{"start":{"line":41,"column":67},"end":{"line":41,"column":68}},"loc":{"start":{"line":55,"column":1},"end":{"line":169,"column":2}}},"1":{"name":"(anonymous_1)","decl":{"start":{"line":125,"column":17},"end":{"line":125,"column":23}},"loc":{"start":{"line":125,"column":23},"end":{"line":125,"column":null}}},"2":{"name":"(anonymous_2)","decl":{"start":{"line":126,"column":16},"end":{"line":126,"column":22}},"loc":{"start":{"line":126,"column":22},"end":{"line":126,"column":null}}}},"branchMap":{"0":{"loc":{"start":{"line":49,"column":2},"end":{"line":49,"column":26}},"type":"default-arg","locations":[{"start":{"line":49,"column":17},"end":{"line":49,"column":26}}]},"1":{"loc":{"start":{"line":50,"column":2},"end":{"line":50,"column":25}},"type":"default-arg","locations":[{"start":{"line":50,"column":20},"end":{"line":50,"column":25}}]},"2":{"loc":{"start":{"line":51,"column":2},"end":{"line":51,"column":19}},"type":"default-arg","locations":[{"start":{"line":51,"column":14},"end":{"line":51,"column":19}}]},"3":{"loc":{"start":{"line":52,"column":2},"end":{"line":52,"column":19}},"type":"default-arg","locations":[{"start":{"line":52,"column":18},"end":{"line":52,"column":19}}]},"4":{"loc":{"start":{"line":53,"column":2},"end":{"line":53,"column":17}},"type":"default-arg","locations":[{"start":{"line":53,"column":13},"end":{"line":53,"column":17}}]},"5":{"loc":{"start":{"line":61,"column":22},"end":{"line":61,"column":71}},"type":"cond-expr","locations":[{"start":{"line":61,"column":35},"end":{"line":61,"column":51}},{"start":{"line":61,"column":54},"end":{"line":61,"column":71}}]},"6":{"loc":{"start":{"line":63,"column":22},"end":{"line":63,"column":55}},"type":"cond-expr","locations":[{"start":{"line":63,"column":46},"end":{"line":63,"column":51}},{"start":{"line":63,"column":51},"end":{"line":63,"column":55}}]},"7":{"loc":{"start":{"line":64,"column":22},"end":{"line":68,"column":26}},"type":"cond-expr","locations":[{"start":{"line":65,"column":6},"end":{"line":65,"column":25}},{"start":{"line":66,"column":6},"end":{"line":68,"column":26}}]},"8":{"loc":{"start":{"line":66,"column":6},"end":{"line":68,"column":26}},"type":"cond-expr","locations":[{"start":{"line":67,"column":8},"end":{"line":67,"column":25}},{"start":{"line":68,"column":8},"end":{"line":68,"column":26}}]},"9":{"loc":{"start":{"line":72,"column":7},"end":{"line":87,"column":null}},"type":"binary-expr","locations":[{"start":{"line":72,"column":7},"end":{"line":72,"column":null}},{"start":{"line":73,"column":8},"end":{"line":87,"column":null}}]},"10":{"loc":{"start":{"line":95,"column":20},"end":{"line":95,"column":null}},"type":"cond-expr","locations":[{"start":{"line":95,"column":32},"end":{"line":95,"column":41}},{"start":{"line":95,"column":41},"end":{"line":95,"column":null}}]},"11":{"loc":{"start":{"line":96,"column":23},"end":{"line":96,"column":null}},"type":"cond-expr","locations":[{"start":{"line":96,"column":35},"end":{"line":96,"column":40}},{"start":{"line":96,"column":40},"end":{"line":96,"column":null}}]},"12":{"loc":{"start":{"line":105,"column":31},"end":{"line":105,"column":null}},"type":"cond-expr","locations":[{"start":{"line":105,"column":43},"end":{"line":105,"column":47}},{"start":{"line":105,"column":47},"end":{"line":105,"column":null}}]},"13":{"loc":{"start":{"line":130,"column":7},"end":{"line":145,"column":null}},"type":"binary-expr","locations":[{"start":{"line":130,"column":7},"end":{"line":130,"column":null}},{"start":{"line":131,"column":8},"end":{"line":145,"column":null}}]},"14":{"loc":{"start":{"line":149,"column":7},"end":{"line":164,"column":null}},"type":"binary-expr","locations":[{"start":{"line":149,"column":7},"end":{"line":149,"column":21}},{"start":{"line":149,"column":21},"end":{"line":149,"column":null}},{"start":{"line":150,"column":8},"end":{"line":164,"column":null}}]}},"s":{"0":0,"1":0,"2":0,"3":0,"4":0,"5":0,"6":0,"7":0,"8":0,"9":0,"10":0},"f":{"0":0,"1":0,"2":0},"b":{"0":[0],"1":[0],"2":[0],"3":[0],"4":[0],"5":[0,0],"6":[0,0],"7":[0,0],"8":[0,0],"9":[0,0],"10":[0,0],"11":[0,0],"12":[0,0],"13":[0,0],"14":[0,0,0]}}
,"C:\\xampp\\htdocs\\midterm-api\\midterm-app\\hooks\\use-color-scheme.web.ts": {"path":"C:\\xampp\\htdocs\\midterm-api\\midterm-app\\hooks\\use-color-scheme.web.ts","statementMap":{"0":{"start":{"line":8,"column":40},"end":{"line":8,"column":null}},"1":{"start":{"line":10,"column":2},"end":{"line":12,"column":null}},"2":{"start":{"line":11,"column":4},"end":{"line":11,"column":null}},"3":{"start":{"line":14,"column":22},"end":{"line":14,"column":null}},"4":{"start":{"line":16,"column":2},"end":{"line":18,"column":null}},"5":{"start":{"line":17,"column":4},"end":{"line":17,"column":null}},"6":{"start":{"line":20,"column":2},"end":{"line":20,"column":null}}},"fnMap":{"0":{"name":"useColorScheme","decl":{"start":{"line":7,"column":16},"end":{"line":7,"column":null}},"loc":{"start":{"line":7,"column":16},"end":{"line":21,"column":null}}},"1":{"name":"(anonymous_1)","decl":{"start":{"line":10,"column":12},"end":{"line":10,"column":null}},"loc":{"start":{"line":10,"column":12},"end":{"line":12,"column":5}}}},"branchMap":{"0":{"loc":{"start":{"line":16,"column":2},"end":{"line":18,"column":null}},"type":"if","locations":[{"start":{"line":16,"column":2},"end":{"line":18,"column":null}}]}},"s":{"0":0,"1":0,"2":0,"3":0,"4":0,"5":0,"6":0},"f":{"0":0,"1":0},"b":{"0":[0]}}
,"C:\\xampp\\htdocs\\midterm-api\\midterm-app\\hooks\\use-theme-color.ts": {"path":"C:\\xampp\\htdocs\\midterm-api\\midterm-app\\hooks\\use-theme-color.ts","statementMap":{"0":{"start":{"line":13,"column":16},"end":{"line":13,"column":null}},"1":{"start":{"line":14,"column":25},"end":{"line":14,"column":37}},"2":{"start":{"line":16,"column":2},"end":{"line":20,"column":null}},"3":{"start":{"line":17,"column":4},"end":{"line":17,"column":null}},"4":{"start":{"line":19,"column":4},"end":{"line":19,"column":null}}},"fnMap":{"0":{"name":"useThemeColor","decl":{"start":{"line":9,"column":16},"end":{"line":9,"column":null}},"loc":{"start":{"line":11,"column":65},"end":{"line":21,"column":null}}}},"branchMap":{"0":{"loc":{"start":{"line":13,"column":16},"end":{"line":13,"column":null}},"type":"binary-expr","locations":[{"start":{"line":13,"column":16},"end":{"line":13,"column":36}},{"start":{"line":13,"column":36},"end":{"line":13,"column":null}}]},"1":{"loc":{"start":{"line":16,"column":2},"end":{"line":20,"column":null}},"type":"if","locations":[{"start":{"line":16,"column":2},"end":{"line":20,"column":null}},{"start":{"line":18,"column":9},"end":{"line":20,"column":null}}]}},"s":{"0":0,"1":0,"2":0,"3":0,"4":0},"f":{"0":0},"b":{"0":[0,0],"1":[0,0]}}
,"C:\\xampp\\htdocs\\midterm-api\\midterm-app\\services\\api.ts": {"path":"C:\\xampp\\htdocs\\midterm-api\\midterm-app\\services\\api.ts","statementMap":{"0":{"start":{"line":59,"column":13},"end":{"line":59,"column":29}},"1":{"start":{"line":139,"column":13},"end":{"line":139,"column":29}},"2":{"start":{"line":23,"column":13},"end":{"line":23,"column":29}},"3":{"start":{"line":26,"column":13},"end":{"line":26,"column":27}},"4":{"start":{"line":98,"column":13},"end":{"line":98,"column":29}},"5":{"start":{"line":2,"column":27},"end":{"line":2,"column":null}},"6":{"start":{"line":21,"column":17},"end":{"line":21,"column":null}},"7":{"start":{"line":23,"column":29},"end":{"line":23,"column":null}},"8":{"start":{"line":23,"column":35},"end":{"line":23,"column":null}},"9":{"start":{"line":26,"column":27},"end":{"line":56,"column":null}},"10":{"start":{"line":27,"column":2},"end":{"line":55,"column":null}},"11":{"start":{"line":28,"column":4},"end":{"line":28,"column":null}},"12":{"start":{"line":30,"column":21},"end":{"line":37,"column":null}},"13":{"start":{"line":39,"column":4},"end":{"line":39,"column":null}},"14":{"start":{"line":41,"column":4},"end":{"line":43,"column":null}},"15":{"start":{"line":42,"column":6},"end":{"line":42,"column":null}},"16":{"start":{"line":45,"column":30},"end":{"line":45,"column":null}},"17":{"start":{"line":46,"column":4},"end":{"line":46,"column":null}},"18":{"start":{"line":48,"column":4},"end":{"line":50,"column":null}},"19":{"start":{"line":49,"column":6},"end":{"line":49,"column":null}},"20":{"start":{"line":51,"column":4},"end":{"line":51,"column":null}},"21":{"start":{"line":53,"column":4},"end":{"line":53,"column":null}},"22":{"start":{"line":54,"column":4},"end":{"line":54,"column":null}},"23":{"start":{"line":59,"column":29},"end":{"line":95,"column":null}},"24":{"start":{"line":64,"column":2},"end":{"line":94,"column":null}},"25":{"start":{"line":65,"column":4},"end":{"line":65,"column":null}},"26":{"start":{"line":68,"column":19},"end":{"line":68,"column":null}},"27":{"start":{"line":69,"column":4},"end":{"line":69,"column":null}},"28":{"start":{"line":70,"column":4},"end":{"line":70,"column":null}},"29":{"start":{"line":71,"column":4},"end":{"line":71,"column":null}},"30":{"start":{"line":73,"column":21},"end":{"line":81,"column":null}},"31":{"start":{"line":83,"column":4},"end":{"line":83,"column":null}},"32":{"start":{"line":85,"column":4},"end":{"line":87,"column":null}},"33":{"start":{"line":86,"column":6},"end":{"line":86,"column":null}},"34":{"start":{"line":89,"column":30},"end":{"line":89,"column":null}},"35":{"start":{"line":90,"column":4},"end":{"line":90,"column":null}},"36":{"start":{"line":92,"column":4},"end":{"line":92,"column":null}},"37":{"start":{"line":93,"column":4},"end":{"line":93,"column":null}},"38":{"start":{"line":98,"column":29},"end":{"line":136,"column":null}},"39":{"start":{"line":104,"column":2},"end":{"line":135,"column":null}},"40":{"start":{"line":105,"column":4},"end":{"line":105,"column":null}},"41":{"start":{"line":108,"column":19},"end":{"line":108,"column":null}},"42":{"start":{"line":109,"column":4},"end":{"line":109,"column":null}},"43":{"start":{"line":110,"column":4},"end":{"line":110,"column":null}},"44":{"start":{"line":111,"column":4},"end":{"line":111,"column":null}},"45":{"start":{"line":112,"column":4},"end":{"line":112,"column":null}},"46":{"start":{"line":114,"column":21},"end":{"line":122,"column":null}},"47":{"start":{"line":124,"column":4},"end":{"line":124,"column":null}},"48":{"start":{"line":126,"column":4},"end":{"line":128,"column":null}},"49":{"start":{"line":127,"column":6},"end":{"line":127,"column":null}},"50":{"start":{"line":130,"column":30},"end":{"line":130,"column":null}},"51":{"start":{"line":131,"column":4},"end":{"line":131,"column":null}},"52":{"start":{"line":133,"column":4},"end":{"line":133,"column":null}},"53":{"start":{"line":134,"column":4},"end":{"line":134,"column":null}},"54":{"start":{"line":139,"column":29},"end":{"line":177,"column":null}},"55":{"start":{"line":140,"column":2},"end":{"line":176,"column":null}},"56":{"start":{"line":141,"column":4},"end":{"line":141,"column":null}},"57":{"start":{"line":144,"column":19},"end":{"line":144,"column":null}},"58":{"start":{"line":145,"column":4},"end":{"line":145,"column":null}},"59":{"start":{"line":147,"column":22},"end":{"line":147,"column":54}},"60":{"start":{"line":148,"column":4},"end":{"line":148,"column":null}},"61":{"start":{"line":149,"column":4},"end":{"line":149,"column":null}},"62":{"start":{"line":151,"column":21},"end":{"line":159,"column":null}},"63":{"start":{"line":161,"column":4},"end":{"line":161,"column":null}},"64":{"start":{"line":162,"column":4},"end":{"line":162,"column":null}},"65":{"start":{"line":164,"column":4},"end":{"line":168,"column":null}},"66":{"start":{"line":165,"column":24},"end":{"line":165,"column":null}},"67":{"start":{"line":166,"column":6},"end":{"line":166,"column":null}},"68":{"start":{"line":167,"column":6},"end":{"line":167,"column":null}},"69":{"start":{"line":170,"column":30},"end":{"line":170,"column":null}},"70":{"start":{"line":171,"column":4},"end":{"line":171,"column":null}},"71":{"start":{"line":172,"column":4},"end":{"line":172,"column":null}},"72":{"start":{"line":174,"column":4},"end":{"line":174,"column":null}},"73":{"start":{"line":175,"column":4},"end":{"line":175,"column":null}}},"fnMap":{"0":{"name":"(anonymous_6)","decl":{"start":{"line":23,"column":29},"end":{"line":23,"column":35}},"loc":{"start":{"line":23,"column":35},"end":{"line":23,"column":null}}},"1":{"name":"(anonymous_7)","decl":{"start":{"line":26,"column":27},"end":{"line":26,"column":null}},"loc":{"start":{"line":26,"column":27},"end":{"line":56,"column":null}}},"2":{"name":"(anonymous_8)","decl":{"start":{"line":59,"column":29},"end":{"line":59,"column":null}},"loc":{"start":{"line":62,"column":2},"end":{"line":95,"column":null}}},"3":{"name":"(anonymous_9)","decl":{"start":{"line":98,"column":29},"end":{"line":98,"column":null}},"loc":{"start":{"line":102,"column":2},"end":{"line":136,"column":null}}},"4":{"name":"(anonymous_10)","decl":{"start":{"line":139,"column":29},"end":{"line":139,"column":36}},"loc":{"start":{"line":139,"column":36},"end":{"line":177,"column":null}}}},"branchMap":{"0":{"loc":{"start":{"line":41,"column":4},"end":{"line":43,"column":null}},"type":"if","locations":[{"start":{"line":41,"column":4},"end":{"line":43,"column":null}}]},"1":{"loc":{"start":{"line":48,"column":4},"end":{"line":50,"column":null}},"type":"if","locations":[{"start":{"line":48,"column":4},"end":{"line":50,"column":null}}]},"2":{"loc":{"start":{"line":48,"column":8},"end":{"line":48,"column":41}},"type":"binary-expr","locations":[{"start":{"line":48,"column":8},"end":{"line":48,"column":32}},{"start":{"line":48,"column":32},"end":{"line":48,"column":41}}]},"3":{"loc":{"start":{"line":85,"column":4},"end":{"line":87,"column":null}},"type":"if","locations":[{"start":{"line":85,"column":4},"end":{"line":87,"column":null}}]},"4":{"loc":{"start":{"line":126,"column":4},"end":{"line":128,"column":null}},"type":"if","locations":[{"start":{"line":126,"column":4},"end":{"line":128,"column":null}}]},"5":{"loc":{"start":{"line":164,"column":4},"end":{"line":168,"column":null}},"type":"if","locations":[{"start":{"line":164,"column":4},"end":{"line":168,"column":null}}]}},"s":{"0":11,"1":5,"2":1,"3":5,"4":4,"5":1,"6":1,"7":1,"8":1,"9":1,"10":5,"11":5,"12":5,"13":4,"14":4,"15":1,"16":3,"17":2,"18":2,"19":2,"20":0,"21":3,"22":3,"23":1,"24":11,"25":11,"26":11,"27":11,"28":11,"29":11,"30":11,"31":10,"32":10,"33":1,"34":9,"35":9,"36":2,"37":2,"38":1,"39":4,"40":4,"41":4,"42":4,"43":4,"44":4,"45":4,"46":4,"47":3,"48":3,"49":1,"50":2,"51":2,"52":2,"53":2,"54":1,"55":5,"56":5,"57":5,"58":5,"59":5,"60":5,"61":5,"62":5,"63":4,"64":4,"65":4,"66":1,"67":0,"68":0,"69":3,"70":3,"71":3,"72":2,"73":2},"f":{"0":1,"1":5,"2":11,"3":4,"4":5},"b":{"0":[1],"1":[2],"2":[2,2],"3":[1],"4":[1],"5":[1]}}
,"C:\\xampp\\htdocs\\midterm-api\\midterm-app\\services\\config.ts": {"path":"C:\\xampp\\htdocs\\midterm-api\\midterm-app\\services\\config.ts","statementMap":{"0":{"start":{"line":24,"column":13},"end":{"line":24,"column":22}},"1":{"start":{"line":26,"column":13},"end":{"line":26,"column":24}},"2":{"start":{"line":25,"column":13},"end":{"line":25,"column":24}},"3":{"start":{"line":64,"column":16},"end":{"line":64,"column":null}},"4":{"start":{"line":84,"column":16},"end":{"line":84,"column":null}},"5":{"start":{"line":77,"column":16},"end":{"line":77,"column":null}},"6":{"start":{"line":24,"column":22},"end":{"line":24,"column":null}},"7":{"start":{"line":25,"column":24},"end":{"line":25,"column":null}},"8":{"start":{"line":26,"column":24},"end":{"line":26,"column":null}},"9":{"start":{"line":31,"column":2},"end":{"line":34,"column":null}},"10":{"start":{"line":33,"column":4},"end":{"line":33,"column":null}},"11":{"start":{"line":37,"column":2},"end":{"line":48,"column":null}},"12":{"start":{"line":38,"column":15},"end":{"line":38,"column":34}},"13":{"start":{"line":40,"column":4},"end":{"line":47,"column":null}},"14":{"start":{"line":42,"column":6},"end":{"line":45,"column":null}},"15":{"start":{"line":44,"column":8},"end":{"line":44,"column":null}},"16":{"start":{"line":46,"column":6},"end":{"line":46,"column":null}},"17":{"start":{"line":51,"column":2},"end":{"line":53,"column":null}},"18":{"start":{"line":52,"column":4},"end":{"line":52,"column":null}},"19":{"start":{"line":55,"column":2},"end":{"line":55,"column":null}},"20":{"start":{"line":58,"column":17},"end":{"line":58,"column":null}},"21":{"start":{"line":59,"column":14},"end":{"line":59,"column":null}},"22":{"start":{"line":65,"column":2},"end":{"line":71,"column":null}},"23":{"start":{"line":67,"column":4},"end":{"line":67,"column":null}},"24":{"start":{"line":70,"column":4},"end":{"line":70,"column":null}},"25":{"start":{"line":78,"column":2},"end":{"line":78,"column":null}},"26":{"start":{"line":85,"column":2},"end":{"line":92,"column":null}}},"fnMap":{"0":{"name":"isReactNativeEnvironment","decl":{"start":{"line":29,"column":9},"end":{"line":29,"column":null}},"loc":{"start":{"line":29,"column":9},"end":{"line":56,"column":null}}},"1":{"name":"getBaseURL","decl":{"start":{"line":64,"column":16},"end":{"line":64,"column":null}},"loc":{"start":{"line":64,"column":16},"end":{"line":72,"column":null}}},"2":{"name":"isNativeEnvironment","decl":{"start":{"line":77,"column":16},"end":{"line":77,"column":null}},"loc":{"start":{"line":77,"column":16},"end":{"line":79,"column":null}}},"3":{"name":"getEnvironmentInfo","decl":{"start":{"line":84,"column":16},"end":{"line":84,"column":null}},"loc":{"start":{"line":84,"column":16},"end":{"line":93,"column":null}}}},"branchMap":{"0":{"loc":{"start":{"line":24,"column":22},"end":{"line":24,"column":null}},"type":"binary-expr","locations":[{"start":{"line":24,"column":22},"end":{"line":24,"column":52}},{"start":{"line":24,"column":56},"end":{"line":24,"column":null}}]},"1":{"loc":{"start":{"line":31,"column":2},"end":{"line":34,"column":null}},"type":"if","locations":[{"start":{"line":31,"column":2},"end":{"line":34,"column":null}}]},"2":{"loc":{"start":{"line":31,"column":6},"end":{"line":31,"column":69}},"type":"binary-expr","locations":[{"start":{"line":31,"column":6},"end":{"line":31,"column":39}},{"start":{"line":31,"column":39},"end":{"line":31,"column":69}}]},"3":{"loc":{"start":{"line":37,"column":2},"end":{"line":48,"column":null}},"type":"if","locations":[{"start":{"line":37,"column":2},"end":{"line":48,"column":null}}]},"4":{"loc":{"start":{"line":40,"column":4},"end":{"line":47,"column":null}},"type":"if","locations":[{"start":{"line":40,"column":4},"end":{"line":47,"column":null}}]},"5":{"loc":{"start":{"line":40,"column":8},"end":{"line":40,"column":82}},"type":"binary-expr","locations":[{"start":{"line":40,"column":8},"end":{"line":40,"column":33}},{"start":{"line":40,"column":33},"end":{"line":40,"column":59}},{"start":{"line":40,"column":59},"end":{"line":40,"column":82}}]},"6":{"loc":{"start":{"line":42,"column":6},"end":{"line":45,"column":null}},"type":"if","locations":[{"start":{"line":42,"column":6},"end":{"line":45,"column":null}}]},"7":{"loc":{"start":{"line":42,"column":10},"end":{"line":42,"column":100}},"type":"binary-expr","locations":[{"start":{"line":42,"column":10},"end":{"line":42,"column":43}},{"start":{"line":42,"column":43},"end":{"line":42,"column":58}},{"start":{"line":42,"column":62},"end":{"line":42,"column":100}}]},"8":{"loc":{"start":{"line":51,"column":2},"end":{"line":53,"column":null}},"type":"if","locations":[{"start":{"line":51,"column":2},"end":{"line":53,"column":null}}]},"9":{"loc":{"start":{"line":51,"column":6},"end":{"line":51,"column":55}},"type":"binary-expr","locations":[{"start":{"line":51,"column":6},"end":{"line":51,"column":39}},{"start":{"line":51,"column":39},"end":{"line":51,"column":55}}]},"10":{"loc":{"start":{"line":65,"column":2},"end":{"line":71,"column":null}},"type":"if","locations":[{"start":{"line":65,"column":2},"end":{"line":71,"column":null}},{"start":{"line":68,"column":9},"end":{"line":71,"column":null}}]}},"s":{"0":0,"1":0,"2":0,"3":1,"4":0,"5":0,"6":1,"7":1,"8":1,"9":1,"10":0,"11":1,"12":1,"13":1,"14":0,"15":0,"16":0,"17":1,"18":1,"19":0,"20":1,"21":1,"22":1,"23":0,"24":1,"25":0,"26":0},"f":{"0":1,"1":1,"2":0,"3":0},"b":{"0":[1,1],"1":[0],"2":[1,1],"3":[1],"4":[0],"5":[1,1,1],"6":[0],"7":[0,0,0],"8":[1],"9":[1,0],"10":[0,1]}}
,"C:\\xampp\\htdocs\\midterm-api\\midterm-app\\services\\debug.ts": {"path":"C:\\xampp\\htdocs\\midterm-api\\midterm-app\\services\\debug.ts","statementMap":{"0":{"start":{"line":28,"column":30},"end":{"line":135,"column":2}},"1":{"start":{"line":29,"column":18},"end":{"line":29,"column":null}},"2":{"start":{"line":30,"column":35},"end":{"line":45,"column":null}},"3":{"start":{"line":47,"column":2},"end":{"line":132,"column":null}},"4":{"start":{"line":49,"column":4},"end":{"line":49,"column":null}},"5":{"start":{"line":50,"column":4},"end":{"line":50,"column":null}},"6":{"start":{"line":52,"column":22},"end":{"line":52,"column":null}},"7":{"start":{"line":54,"column":4},"end":{"line":99,"column":null}},"8":{"start":{"line":55,"column":23},"end":{"line":60,"column":null}},"9":{"start":{"line":62,"column":27},"end":{"line":62,"column":null}},"10":{"start":{"line":63,"column":6},"end":{"line":63,"column":null}},"11":{"start":{"line":64,"column":6},"end":{"line":64,"column":null}},"12":{"start":{"line":66,"column":6},"end":{"line":66,"column":null}},"13":{"start":{"line":68,"column":6},"end":{"line":88,"column":null}},"14":{"start":{"line":69,"column":8},"end":{"line":69,"column":null}},"15":{"start":{"line":70,"column":31},"end":{"line":70,"column":null}},"16":{"start":{"line":71,"column":8},"end":{"line":71,"column":null}},"17":{"start":{"line":74,"column":8},"end":{"line":80,"column":null}},"18":{"start":{"line":75,"column":10},"end":{"line":75,"column":null}},"19":{"start":{"line":76,"column":10},"end":{"line":76,"column":null}},"20":{"start":{"line":78,"column":10},"end":{"line":78,"column":null}},"21":{"start":{"line":79,"column":10},"end":{"line":79,"column":null}},"22":{"start":{"line":82,"column":8},"end":{"line":84,"column":null}},"23":{"start":{"line":83,"column":10},"end":{"line":83,"column":null}},"24":{"start":{"line":86,"column":8},"end":{"line":86,"column":null}},"25":{"start":{"line":87,"column":8},"end":{"line":87,"column":null}},"26":{"start":{"line":90,"column":6},"end":{"line":90,"column":null}},"27":{"start":{"line":91,"column":6},"end":{"line":91,"column":null}},"28":{"start":{"line":92,"column":6},"end":{"line":97,"column":null}},"29":{"start":{"line":102,"column":4},"end":{"line":124,"column":null}},"30":{"start":{"line":103,"column":6},"end":{"line":103,"column":null}},"31":{"start":{"line":104,"column":23},"end":{"line":112,"column":null}},"32":{"start":{"line":114,"column":6},"end":{"line":120,"column":null}},"33":{"start":{"line":115,"column":21},"end":{"line":115,"column":null}},"34":{"start":{"line":116,"column":8},"end":{"line":116,"column":null}},"35":{"start":{"line":117,"column":8},"end":{"line":117,"column":null}},"36":{"start":{"line":119,"column":8},"end":{"line":119,"column":null}},"37":{"start":{"line":122,"column":6},"end":{"line":122,"column":null}},"38":{"start":{"line":123,"column":6},"end":{"line":123,"column":null}},"39":{"start":{"line":126,"column":4},"end":{"line":126,"column":null}},"40":{"start":{"line":129,"column":4},"end":{"line":129,"column":null}},"41":{"start":{"line":130,"column":4},"end":{"line":130,"column":null}},"42":{"start":{"line":131,"column":4},"end":{"line":131,"column":null}},"43":{"start":{"line":134,"column":2},"end":{"line":134,"column":null}},"44":{"start":{"line":140,"column":32},"end":{"line":164,"column":2}},"45":{"start":{"line":145,"column":2},"end":{"line":145,"column":null}},"46":{"start":{"line":146,"column":2},"end":{"line":146,"column":null}},"47":{"start":{"line":147,"column":2},"end":{"line":147,"column":null}},"48":{"start":{"line":149,"column":2},"end":{"line":157,"column":null}},"49":{"start":{"line":150,"column":4},"end":{"line":150,"column":null}},"50":{"start":{"line":151,"column":4},"end":{"line":151,"column":null}},"51":{"start":{"line":152,"column":9},"end":{"line":157,"column":null}},"52":{"start":{"line":153,"column":4},"end":{"line":153,"column":null}},"53":{"start":{"line":154,"column":4},"end":{"line":154,"column":null}},"54":{"start":{"line":156,"column":4},"end":{"line":156,"column":null}},"55":{"start":{"line":159,"column":2},"end":{"line":161,"column":null}},"56":{"start":{"line":160,"column":4},"end":{"line":160,"column":null}},"57":{"start":{"line":163,"column":2},"end":{"line":163,"column":null}},"58":{"start":{"line":169,"column":25},"end":{"line":194,"column":2}},"59":{"start":{"line":174,"column":2},"end":{"line":193,"column":null}},"60":{"start":{"line":175,"column":21},"end":{"line":178,"column":null}},"61":{"start":{"line":180,"column":4},"end":{"line":182,"column":null}},"62":{"start":{"line":181,"column":6},"end":{"line":181,"column":null}},"63":{"start":{"line":184,"column":17},"end":{"line":184,"column":null}},"64":{"start":{"line":185,"column":4},"end":{"line":185,"column":null}},"65":{"start":{"line":187,"column":4},"end":{"line":191,"column":null}},"66":{"start":{"line":192,"column":4},"end":{"line":192,"column":null}}},"fnMap":{"0":{"name":"(anonymous_0)","decl":{"start":{"line":28,"column":30},"end":{"line":28,"column":null}},"loc":{"start":{"line":28,"column":30},"end":{"line":135,"column":2}}},"1":{"name":"(anonymous_1)","decl":{"start":{"line":140,"column":32},"end":{"line":140,"column":null}},"loc":{"start":{"line":143,"column":2},"end":{"line":164,"column":2}}},"2":{"name":"(anonymous_2)","decl":{"start":{"line":169,"column":25},"end":{"line":169,"column":null}},"loc":{"start":{"line":172,"column":2},"end":{"line":194,"column":2}}}},"branchMap":{"0":{"loc":{"start":{"line":68,"column":6},"end":{"line":88,"column":null}},"type":"if","locations":[{"start":{"line":68,"column":6},"end":{"line":88,"column":null}},{"start":{"line":85,"column":13},"end":{"line":88,"column":null}}]},"1":{"loc":{"start":{"line":74,"column":8},"end":{"line":80,"column":null}},"type":"if","locations":[{"start":{"line":74,"column":8},"end":{"line":80,"column":null}},{"start":{"line":77,"column":15},"end":{"line":80,"column":null}}]},"2":{"loc":{"start":{"line":82,"column":8},"end":{"line":84,"column":null}},"type":"if","locations":[{"start":{"line":82,"column":8},"end":{"line":84,"column":null}}]},"3":{"loc":{"start":{"line":114,"column":6},"end":{"line":120,"column":null}},"type":"if","locations":[{"start":{"line":114,"column":6},"end":{"line":120,"column":null}},{"start":{"line":118,"column":13},"end":{"line":120,"column":null}}]},"4":{"loc":{"start":{"line":116,"column":61},"end":{"line":116,"column":99}},"type":"binary-expr","locations":[{"start":{"line":116,"column":61},"end":{"line":116,"column":71}},{"start":{"line":116,"column":75},"end":{"line":116,"column":96}},{"start":{"line":116,"column":96},"end":{"line":116,"column":99}}]},"5":{"loc":{"start":{"line":126,"column":20},"end":{"line":126,"column":null}},"type":"cond-expr","locations":[{"start":{"line":126,"column":40},"end":{"line":126,"column":52}},{"start":{"line":126,"column":52},"end":{"line":126,"column":null}}]},"6":{"loc":{"start":{"line":149,"column":2},"end":{"line":157,"column":null}},"type":"if","locations":[{"start":{"line":149,"column":2},"end":{"line":157,"column":null}},{"start":{"line":152,"column":9},"end":{"line":157,"column":null}}]},"7":{"loc":{"start":{"line":152,"column":9},"end":{"line":157,"column":null}},"type":"if","locations":[{"start":{"line":152,"column":9},"end":{"line":157,"column":null}},{"start":{"line":155,"column":9},"end":{"line":157,"column":null}}]},"8":{"loc":{"start":{"line":159,"column":2},"end":{"line":161,"column":null}},"type":"if","locations":[{"start":{"line":159,"column":2},"end":{"line":161,"column":null}}]},"9":{"loc":{"start":{"line":180,"column":4},"end":{"line":182,"column":null}},"type":"if","locations":[{"start":{"line":180,"column":4},"end":{"line":182,"column":null}}]},"10":{"loc":{"start":{"line":187,"column":21},"end":{"line":187,"column":37}},"type":"binary-expr","locations":[{"start":{"line":187,"column":21},"end":{"line":187,"column":32}},{"start":{"line":187,"column":32},"end":{"line":187,"column":37}}]},"11":{"loc":{"start":{"line":189,"column":14},"end":{"line":189,"column":null}},"type":"binary-expr","locations":[{"start":{"line":189,"column":14},"end":{"line":189,"column":33}},{"start":{"line":189,"column":33},"end":{"line":189,"column":null}}]}},"s":{"0":0,"1":0,"2":0,"3":0,"4":0,"5":0,"6":0,"7":0,"8":0,"9":0,"10":0,"11":0,"12":0,"13":0,"14":0,"15":0,"16":0,"17":0,"18":0,"19":0,"20":0,"21":0,"22":0,"23":0,"24":0,"25":0,"26":0,"27":0,"28":0,"29":0,"30":0,"31":0,"32":0,"33":0,"34":0,"35":0,"36":0,"37":0,"38":0,"39":0,"40":0,"41":0,"42":0,"43":0,"44":0,"45":0,"46":0,"47":0,"48":0,"49":0,"50":0,"51":0,"52":0,"53":0,"54":0,"55":0,"56":0,"57":0,"58":0,"59":0,"60":0,"61":0,"62":0,"63":0,"64":0,"65":0,"66":0},"f":{"0":0,"1":0,"2":0},"b":{"0":[0,0],"1":[0,0],"2":[0],"3":[0,0],"4":[0,0,0],"5":[0,0],"6":[0,0],"7":[0,0],"8":[0],"9":[0],"10":[0,0],"11":[0,0]}}
}
